Log file open, 11/25/21 12:51:18
LogWindows: Failed to load 'aqProf.dll' (GetLastError=126)
LogWindows: File 'aqProf.dll' does not exist
LogWindows: Failed to load 'VtuneApi.dll' (GetLastError=126)
LogWindows: File 'VtuneApi.dll' does not exist
LogWindows: Failed to load 'VtuneApi32e.dll' (GetLastError=126)
LogWindows: File 'VtuneApi32e.dll' does not exist
LogConsoleResponse: Display: Failed to find resolution value strings in scalability ini. Falling back to default.
LogConsoleResponse: Display: Failed to find resolution value strings in scalability ini. Falling back to default.
LogInit: Display: Running engine for game: ToonTanks
LogPlatformFile: Not using cached read wrapper
LogTaskGraph: Started task graph with 5 named threads and 47 total threads with 3 sets of task threads.
LogStats: Stats thread started at 0.211400
LogICUInternationalization: ICU TimeZone Detection - Raw Offset: +2:00, Platform Override: ''
LogInit: Display: Loading text-based GConfig....
LogPluginManager: Mounting plugin MeshPainting
LogPluginManager: Mounting plugin XGEController
LogPluginManager: Mounting plugin Paper2D
LogPluginManager: Mounting plugin EnvironmentQueryEditor
LogPluginManager: Mounting plugin AISupport
LogPluginManager: Mounting plugin LightPropagationVolume
LogPluginManager: Mounting plugin LiveLink
LogPluginManager: Mounting plugin CameraShakePreviewer
LogPluginManager: Mounting plugin OodleNetwork
LogPluginManager: Mounting plugin AssetManagerEditor
LogPluginManager: Mounting plugin CryptoKeys
LogPluginManager: Mounting plugin GameplayCameras
LogPluginManager: Mounting plugin OodleData
LogPluginManager: Mounting plugin GameplayTagsEditor
LogPluginManager: Mounting plugin DataValidation
LogPluginManager: Mounting plugin FacialAnimation
LogPluginManager: Mounting plugin GeometryMode
LogPluginManager: Mounting plugin CurveEditorTools
LogPluginManager: Mounting plugin PluginBrowser
LogPluginManager: Mounting plugin MaterialAnalyzer
LogPluginManager: Mounting plugin SpeedTreeImporter
LogPluginManager: Mounting plugin MacGraphicsSwitching
LogPluginManager: Mounting plugin MobileLauncherProfileWizard
LogPluginManager: Mounting plugin DatasmithContent
LogPluginManager: Mounting plugin VariantManagerContent
LogPluginManager: Mounting plugin AnimationSharing
LogPluginManager: Mounting plugin CLionSourceCodeAccess
LogPluginManager: Mounting plugin CodeLiteSourceCodeAccess
LogPluginManager: Mounting plugin GitSourceControl
LogPluginManager: Mounting plugin NullSourceCodeAccess
LogPluginManager: Mounting plugin KDevelopSourceCodeAccess
LogPluginManager: Mounting plugin PerforceSourceControl
LogPluginManager: Mounting plugin Niagara
LogPluginManager: Mounting plugin PixWinPlugin
LogPluginManager: Mounting plugin PlasticSourceControl
LogPluginManager: Mounting plugin PluginUtils
LogPluginManager: Mounting plugin PropertyAccessNode
LogPluginManager: Mounting plugin SubversionSourceControl
LogPluginManager: Mounting plugin RiderSourceCodeAccess
LogPluginManager: Mounting plugin TextureFormatOodle
LogPluginManager: Mounting plugin UObjectPlugin
LogPluginManager: Mounting plugin XCodeSourceCodeAccess
LogPluginManager: Mounting plugin VisualStudioCodeSourceCodeAccess
LogPluginManager: Mounting plugin VisualStudioSourceCodeAccess
LogPluginManager: Mounting plugin AlembicImporter
LogPluginManager: Mounting plugin AutomationUtils
LogPluginManager: Mounting plugin BackChannel
LogPluginManager: Mounting plugin ChaosClothEditor
LogPluginManager: Mounting plugin ChaosCloth
LogPluginManager: Mounting plugin ChaosEditor
LogPluginManager: Mounting plugin ChaosSolverPlugin
LogPluginManager: Mounting plugin AndroidMedia
LogPluginManager: Mounting plugin ChaosNiagara
LogPluginManager: Mounting plugin AvfMedia
LogPluginManager: Mounting plugin ImgMedia
LogPluginManager: Mounting plugin MediaCompositing
LogPluginManager: Mounting plugin MediaPlayerEditor
LogPluginManager: Mounting plugin WmfMedia
LogPluginManager: Mounting plugin LuminPlatformFeatures
LogPluginManager: Mounting plugin WebMMedia
LogPluginManager: Mounting plugin MagicLeap
LogPluginManager: Mounting plugin TcpMessaging
LogPluginManager: Mounting plugin UdpMessaging
LogPluginManager: Mounting plugin MagicLeapLightEstimation
LogPluginManager: Mounting plugin MagicLeapMedia
LogPluginManager: Mounting plugin MagicLeapPassableWorld
LogPluginManager: Mounting plugin MLSDK
LogPluginManager: Mounting plugin CharacterAI
LogPluginManager: Mounting plugin GeometryCache
LogPluginManager: Mounting plugin GeometryProcessing
LogPluginManager: Mounting plugin GeometryCollectionPlugin
LogPluginManager: Mounting plugin OpenImageDenoise
LogPluginManager: Mounting plugin MotoSynth
LogPluginManager: Mounting plugin PlanarCut
LogPluginManager: Mounting plugin PlatformCrypto
LogPluginManager: Mounting plugin ProxyLODPlugin
LogPluginManager: Mounting plugin PythonScriptPlugin
LogPluginManager: Mounting plugin SkeletalReduction
LogPluginManager: Mounting plugin ActorSequence
LogPluginManager: Mounting plugin LevelSequenceEditor
LogPluginManager: Mounting plugin MatineeToLevelSequence
LogPluginManager: Mounting plugin TemplateSequence
LogPluginManager: Mounting plugin OnlineSubsystem
LogPluginManager: Mounting plugin OnlineSubsystemNull
LogPluginManager: Mounting plugin OnlineSubsystemUtils
LogPluginManager: Mounting plugin LauncherChunkInstaller
LogPluginManager: Mounting plugin ScreenshotTools
LogPluginManager: Mounting plugin ActorLayerUtilities
LogPluginManager: Mounting plugin AndroidMoviePlayer
LogPluginManager: Mounting plugin AndroidDeviceProfileSelector
LogPluginManager: Mounting plugin AndroidPermission
LogPluginManager: Mounting plugin AppleImageUtils
LogPluginManager: Mounting plugin Takes
LogPluginManager: Mounting plugin AppleMoviePlayer
LogPluginManager: Mounting plugin ArchVisCharacter
LogPluginManager: Mounting plugin AssetTags
LogPluginManager: Mounting plugin AudioCapture
LogPluginManager: Mounting plugin AudioSynesthesia
LogPluginManager: Mounting plugin CableComponent
LogPluginManager: Mounting plugin ChunkDownloader
LogPluginManager: Mounting plugin CustomMeshComponent
LogPluginManager: Mounting plugin EditableMesh
LogPluginManager: Mounting plugin ExampleDeviceProfileSelector
LogPluginManager: Mounting plugin GooglePAD
LogPluginManager: Mounting plugin GoogleCloudMessaging
LogPluginManager: Mounting plugin IOSDeviceProfileSelector
LogPluginManager: Mounting plugin LinuxDeviceProfileSelector
LogPluginManager: Mounting plugin LocationServicesBPLibrary
LogPluginManager: Mounting plugin MobilePatchingUtils
LogPluginManager: Mounting plugin OpenXR
LogPluginManager: Mounting plugin OpenXREyeTracker
LogPluginManager: Mounting plugin OpenXRHandTracking
LogPluginManager: Mounting plugin PostSplashScreen
LogPluginManager: Mounting plugin PhysXVehicles
LogPluginManager: Mounting plugin ProceduralMeshComponent
LogPluginManager: Mounting plugin PropertyAccessEditor
LogPluginManager: Mounting plugin RuntimePhysXCooking
LogPluginManager: Mounting plugin SignificanceManager
LogPluginManager: Mounting plugin SoundFields
LogPluginManager: Mounting plugin Synthesis
LogPluginManager: Mounting plugin WebMMoviePlayer
LogPluginManager: Mounting plugin WindowsMoviePlayer
LogPluginManager: Mounting plugin ContentBrowserAssetDataSource
LogPluginManager: Mounting plugin ContentBrowserClassDataSource
LogPluginManager: Mounting plugin ContentBrowserFileDataSource
LogPluginManager: Mounting plugin OnlineSubsystemIOS
LogPluginManager: Mounting plugin OnlineSubsystemGooglePlay
LogPluginManager: Mounting plugin OculusVR
LogPluginManager: Mounting plugin SteamVR
PixWinPlugin: PIX capture plugin failed to initialize! Check that the process is launched from PIX.
LogInit: Using libcurl 7.55.1-DEV
LogInit:  - built for x86_64-pc-win32
LogInit:  - supports SSL with OpenSSL/1.1.1
LogInit:  - supports HTTP deflate (compression) using libz 1.2.8
LogInit:  - other features:
LogInit:      CURL_VERSION_SSL
LogInit:      CURL_VERSION_LIBZ
LogInit:      CURL_VERSION_IPV6
LogInit:      CURL_VERSION_ASYNCHDNS
LogInit:      CURL_VERSION_LARGEFILE
LogInit:      CURL_VERSION_IDN
LogInit:  CurlRequestOptions (configurable via config and command line):
LogInit:  - bVerifyPeer = true  - Libcurl will verify peer certificate
LogInit:  - bUseHttpProxy = false  - Libcurl will NOT use HTTP proxy
LogInit:  - bDontReuseConnections = false  - Libcurl will reuse connections
LogInit:  - MaxHostConnections = 16  - Libcurl will limit the number of connections to a host
LogInit:  - LocalHostAddr = Default
LogInit:  - BufferSize = 65536
LogOnline: OSS: Creating online subsystem instance for: NULL
LogInit: WinSock: version 1.1 (2.2), MaxSocks=32767, MaxUdp=65467
LogOnline: OSS: TryLoadSubsystemAndSetDefault: Loaded subsystem for module [NULL]
LogOculusPluginWrapper: OculusPlugin initialized successfully
LogHMD: Failed initializing OVRPlugin 1.59.0
LogInit: Build: ++UE4+Release-4.27-CL-17735300
LogInit: Engine Version: 4.27.1-17735300+++UE4+Release-4.27
LogInit: Compatible Engine Version: 4.27.0-17155196+++UE4+Release-4.27
LogInit: Net CL: 17155196
LogInit: OS: Windows 10 (Release 2009) (), CPU: Intel(R) Core(TM) i7-10875H CPU @ 2.30GHz, GPU: Intel(R) UHD Graphics
LogInit: Compiled (64-bit): Oct  6 2021 14:42:51
LogInit: Compiled with Visual C++: 19.24.28315.00
LogInit: Build Configuration: Development
LogInit: Branch Name: ++UE4+Release-4.27
LogInit: Command Line: 
LogInit: Base Directory: C:/Unreal/UE_4.27/Engine/Binaries/Win64/
LogInit: Allocator: TBB
LogInit: Installed Engine Build: 1
LogDevObjectVersion: Number of dev versions registered: 29
LogDevObjectVersion:   Dev-Blueprints (B0D832E4-1F89-4F0D-ACCF-7EB736FD4AA2): 10
LogDevObjectVersion:   Dev-Build (E1C64328-A22C-4D53-A36C-8E866417BD8C): 0
LogDevObjectVersion:   Dev-Core (375EC13C-06E4-48FB-B500-84F0262A717E): 4
LogDevObjectVersion:   Dev-Editor (E4B068ED-F494-42E9-A231-DA0B2E46BB41): 40
LogDevObjectVersion:   Dev-Framework (CFFC743F-43B0-4480-9391-14DF171D2073): 37
LogDevObjectVersion:   Dev-Mobile (B02B49B5-BB20-44E9-A304-32B752E40360): 3
LogDevObjectVersion:   Dev-Networking (A4E4105C-59A1-49B5-A7C5-40C4547EDFEE): 0
LogDevObjectVersion:   Dev-Online (39C831C9-5AE6-47DC-9A44-9C173E1C8E7C): 0
LogDevObjectVersion:   Dev-Physics (78F01B33-EBEA-4F98-B9B4-84EACCB95AA2): 14
LogDevObjectVersion:   Dev-Platform (6631380F-2D4D-43E0-8009-CF276956A95A): 0
LogDevObjectVersion:   Dev-Rendering (12F88B9F-8875-4AFC-A67C-D90C383ABD29): 45
LogDevObjectVersion:   Dev-Sequencer (7B5AE74C-D270-4C10-A958-57980B212A5A): 13
LogDevObjectVersion:   Dev-VR (D7296918-1DD6-4BDD-9DE2-64A83CC13884): 3
LogDevObjectVersion:   Dev-LoadTimes (C2A15278-BFE7-4AFE-6C17-90FF531DF755): 1
LogDevObjectVersion:   Private-Geometry (6EACA3D4-40EC-4CC1-B786-8BED09428FC5): 3
LogDevObjectVersion:   Dev-AnimPhys (29E575DD-E0A3-4627-9D10-D276232CDCEA): 17
LogDevObjectVersion:   Dev-Anim (AF43A65D-7FD3-4947-9873-3E8ED9C1BB05): 15
LogDevObjectVersion:   Dev-ReflectionCapture (6B266CEC-1EC7-4B8F-A30B-E4D90942FC07): 1
LogDevObjectVersion:   Dev-Automation (0DF73D61-A23F-47EA-B727-89E90C41499A): 1
LogDevObjectVersion:   FortniteMain (601D1886-AC64-4F84-AA16-D3DE0DEAC7D6): 47
LogDevObjectVersion:   FortniteRelease (E7086368-6B23-4C58-8439-1B7016265E91): 1
LogDevObjectVersion:   Dev-Enterprise (9DFFBCD6-494F-0158-E221-12823C92A888): 10
LogDevObjectVersion:   Dev-Niagara (F2AED0AC-9AFE-416F-8664-AA7FFA26D6FC): 1
LogDevObjectVersion:   Dev-Destruction (174F1F0B-B4C6-45A5-B13F-2EE8D0FB917D): 10
LogDevObjectVersion:   Dev-Physics-Ext (35F94A83-E258-406C-A318-09F59610247C): 41
LogDevObjectVersion:   Dev-PhysicsMaterial-Chaos (B68FC16E-8B1B-42E2-B453-215C058844FE): 1
LogDevObjectVersion:   Dev-CineCamera (B2E18506-4273-CFC2-A54E-F4BB758BBA07): 1
LogDevObjectVersion:   Dev-VirtualProduction (64F58936-FD1B-42BA-BA96-7289D5D0FA4E): 1
LogDevObjectVersion:   Dev-MediaFramework (6F0ED827-A609-4895-9C91-998D90180EA4): 2
LogInit: Presizing for max 25165824 objects, including 0 objects not considered by GC, pre-allocating 0 bytes for permanent pool.
LogConfig: Applying CVar settings from Section [/Script/Engine.StreamingSettings] File [C:/Users/Josh/Google Drive/Games/Unreal/Projects/ToonTanks/Saved/Config/Windows/Engine.ini]
LogConfig: Setting CVar [[s.MinBulkDataSizeForAsyncLoading:131072]]
LogConfig: Setting CVar [[s.AsyncLoadingThreadEnabled:0]]
LogConfig: Setting CVar [[s.EventDrivenLoaderEnabled:1]]
LogConfig: Setting CVar [[s.WarnIfTimeLimitExceeded:0]]
LogConfig: Setting CVar [[s.TimeLimitExceededMultiplier:1.5]]
LogConfig: Setting CVar [[s.TimeLimitExceededMinTime:0.005]]
LogConfig: Setting CVar [[s.UseBackgroundLevelStreaming:1]]
LogConfig: Setting CVar [[s.PriorityAsyncLoadingExtraTime:15.0]]
LogConfig: Setting CVar [[s.LevelStreamingActorsUpdateTimeLimit:5.0]]
LogConfig: Setting CVar [[s.PriorityLevelStreamingActorsUpdateExtraTime:5.0]]
LogConfig: Setting CVar [[s.LevelStreamingComponentsRegistrationGranularity:10]]
LogConfig: Setting CVar [[s.UnregisterComponentsTimeLimit:1.0]]
LogConfig: Setting CVar [[s.LevelStreamingComponentsUnregistrationGranularity:5]]
LogConfig: Setting CVar [[s.FlushStreamingOnExit:1]]
LogInit: Object subsystem initialized
LogConfig: Setting CVar [[con.DebugEarlyDefault:1]]
LogConfig: Setting CVar [[r.setres:1280x720]]
[2021.11.25-10.51.19:382][  0]LogConfig: Setting CVar [[r.VSync:0]]
[2021.11.25-10.51.19:382][  0]LogConfig: Setting CVar [[r.RHICmdBypass:0]]
[2021.11.25-10.51.19:382][  0]LogConfig: Applying CVar settings from Section [/Script/Engine.RendererSettings] File [C:/Users/Josh/Google Drive/Games/Unreal/Projects/ToonTanks/Saved/Config/Windows/Engine.ini]
[2021.11.25-10.51.19:382][  0]LogConfig: Setting CVar [[r.GPUCrashDebugging:0]]
[2021.11.25-10.51.19:382][  0]LogConfig: Setting CVar [[r.DefaultFeature.AutoExposure.ExtendDefaultLuminanceRange:1]]
[2021.11.25-10.51.19:382][  0]LogConfig: Setting CVar [[r.DefaultFeature.AutoExposure:0]]
[2021.11.25-10.51.19:382][  0]LogConfig: Applying CVar settings from Section [/Script/Engine.RendererOverrideSettings] File [C:/Users/Josh/Google Drive/Games/Unreal/Projects/ToonTanks/Saved/Config/Windows/Engine.ini]
[2021.11.25-10.51.19:382][  0]LogConfig: Applying CVar settings from Section [/Script/Engine.StreamingSettings] File [C:/Users/Josh/Google Drive/Games/Unreal/Projects/ToonTanks/Saved/Config/Windows/Engine.ini]
[2021.11.25-10.51.19:382][  0]LogConfig: Setting CVar [[s.MinBulkDataSizeForAsyncLoading:131072]]
[2021.11.25-10.51.19:382][  0]LogConfig: Setting CVar [[s.AsyncLoadingThreadEnabled:0]]
[2021.11.25-10.51.19:382][  0]LogConfig: Setting CVar [[s.EventDrivenLoaderEnabled:1]]
[2021.11.25-10.51.19:382][  0]LogConfig: Setting CVar [[s.WarnIfTimeLimitExceeded:0]]
[2021.11.25-10.51.19:382][  0]LogConfig: Setting CVar [[s.TimeLimitExceededMultiplier:1.5]]
[2021.11.25-10.51.19:382][  0]LogConfig: Setting CVar [[s.TimeLimitExceededMinTime:0.005]]
[2021.11.25-10.51.19:382][  0]LogConfig: Setting CVar [[s.UseBackgroundLevelStreaming:1]]
[2021.11.25-10.51.19:382][  0]LogConfig: Setting CVar [[s.PriorityAsyncLoadingExtraTime:15.0]]
[2021.11.25-10.51.19:382][  0]LogConfig: Setting CVar [[s.LevelStreamingActorsUpdateTimeLimit:5.0]]
[2021.11.25-10.51.19:382][  0]LogConfig: Setting CVar [[s.PriorityLevelStreamingActorsUpdateExtraTime:5.0]]
[2021.11.25-10.51.19:382][  0]LogConfig: Setting CVar [[s.LevelStreamingComponentsRegistrationGranularity:10]]
[2021.11.25-10.51.19:382][  0]LogConfig: Setting CVar [[s.UnregisterComponentsTimeLimit:1.0]]
[2021.11.25-10.51.19:383][  0]LogConfig: Setting CVar [[s.LevelStreamingComponentsUnregistrationGranularity:5]]
[2021.11.25-10.51.19:383][  0]LogConfig: Setting CVar [[s.FlushStreamingOnExit:1]]
[2021.11.25-10.51.19:383][  0]LogConfig: Applying CVar settings from Section [/Script/Engine.GarbageCollectionSettings] File [C:/Users/Josh/Google Drive/Games/Unreal/Projects/ToonTanks/Saved/Config/Windows/Engine.ini]
[2021.11.25-10.51.19:383][  0]LogConfig: Setting CVar [[gc.MaxObjectsNotConsideredByGC:1]]
[2021.11.25-10.51.19:383][  0]LogConfig: Setting CVar [[gc.SizeOfPermanentObjectPool:0]]
[2021.11.25-10.51.19:383][  0]LogConfig: Setting CVar [[gc.FlushStreamingOnGC:0]]
[2021.11.25-10.51.19:383][  0]LogConfig: Setting CVar [[gc.NumRetriesBeforeForcingGC:10]]
[2021.11.25-10.51.19:383][  0]LogConfig: Setting CVar [[gc.AllowParallelGC:1]]
[2021.11.25-10.51.19:383][  0]LogConfig: Setting CVar [[gc.TimeBetweenPurgingPendingKillObjects:61.1]]
[2021.11.25-10.51.19:383][  0]LogConfig: Setting CVar [[gc.MaxObjectsInEditor:25165824]]
[2021.11.25-10.51.19:383][  0]LogConfig: Setting CVar [[gc.IncrementalBeginDestroyEnabled:1]]
[2021.11.25-10.51.19:383][  0]LogConfig: Setting CVar [[gc.CreateGCClusters:1]]
[2021.11.25-10.51.19:383][  0]LogConfig: Setting CVar [[gc.MinGCClusterSize:5]]
[2021.11.25-10.51.19:383][  0]LogConfig: Setting CVar [[gc.ActorClusteringEnabled:0]]
[2021.11.25-10.51.19:383][  0]LogConfig: Setting CVar [[gc.BlueprintClusteringEnabled:0]]
[2021.11.25-10.51.19:383][  0]LogConfig: Setting CVar [[gc.UseDisregardForGCOnDedicatedServers:0]]
[2021.11.25-10.51.19:383][  0]LogConfig: Setting CVar [[gc.MultithreadedDestructionEnabled:1]]
[2021.11.25-10.51.19:383][  0]LogConfig: Applying CVar settings from Section [/Script/Engine.NetworkSettings] File [C:/Users/Josh/Google Drive/Games/Unreal/Projects/ToonTanks/Saved/Config/Windows/Engine.ini]
[2021.11.25-10.51.19:383][  0]LogConfig: Applying CVar settings from Section [/Script/UnrealEd.CookerSettings] File [C:/Users/Josh/Google Drive/Games/Unreal/Projects/ToonTanks/Saved/Config/Windows/Engine.ini]
[2021.11.25-10.51.19:401][  0]LogConfig: Applying CVar settings from Section [ViewDistanceQuality@3] File [C:/Users/Josh/Google Drive/Games/Unreal/Projects/ToonTanks/Saved/Config/Windows/Scalability.ini]
[2021.11.25-10.51.19:401][  0]LogConfig: Setting CVar [[r.SkeletalMeshLODBias:0]]
[2021.11.25-10.51.19:401][  0]LogConfig: Setting CVar [[r.ViewDistanceScale:1.0]]
[2021.11.25-10.51.19:401][  0]LogConfig: Applying CVar settings from Section [AntiAliasingQuality@3] File [C:/Users/Josh/Google Drive/Games/Unreal/Projects/ToonTanks/Saved/Config/Windows/Scalability.ini]
[2021.11.25-10.51.19:401][  0]LogConfig: Setting CVar [[r.PostProcessAAQuality:4]]
[2021.11.25-10.51.19:401][  0]LogConfig: Applying CVar settings from Section [ShadowQuality@3] File [C:/Users/Josh/Google Drive/Games/Unreal/Projects/ToonTanks/Saved/Config/Windows/Scalability.ini]
[2021.11.25-10.51.19:401][  0]LogConfig: Setting CVar [[r.LightFunctionQuality:1]]
[2021.11.25-10.51.19:401][  0]LogConfig: Setting CVar [[r.ShadowQuality:5]]
[2021.11.25-10.51.19:401][  0]LogConfig: Setting CVar [[r.Shadow.CSM.MaxCascades:10]]
[2021.11.25-10.51.19:401][  0]LogConfig: Setting CVar [[r.Shadow.MaxResolution:2048]]
[2021.11.25-10.51.19:401][  0]LogConfig: Setting CVar [[r.Shadow.MaxCSMResolution:2048]]
[2021.11.25-10.51.19:401][  0]LogConfig: Setting CVar [[r.Shadow.RadiusThreshold:0.01]]
[2021.11.25-10.51.19:401][  0]LogConfig: Setting CVar [[r.Shadow.DistanceScale:1.0]]
[2021.11.25-10.51.19:401][  0]LogConfig: Setting CVar [[r.Shadow.CSM.TransitionScale:1.0]]
[2021.11.25-10.51.19:401][  0]LogConfig: Setting CVar [[r.Shadow.PreShadowResolutionFactor:1.0]]
[2021.11.25-10.51.19:401][  0]LogConfig: Setting CVar [[r.DistanceFieldShadowing:1]]
[2021.11.25-10.51.19:401][  0]LogConfig: Setting CVar [[r.DistanceFieldAO:1]]
[2021.11.25-10.51.19:401][  0]LogConfig: Setting CVar [[r.AOQuality:2]]
[2021.11.25-10.51.19:401][  0]LogConfig: Setting CVar [[r.VolumetricFog:1]]
[2021.11.25-10.51.19:401][  0]LogConfig: Setting CVar [[r.VolumetricFog.GridPixelSize:8]]
[2021.11.25-10.51.19:401][  0]LogConfig: Setting CVar [[r.VolumetricFog.GridSizeZ:128]]
[2021.11.25-10.51.19:401][  0]LogConfig: Setting CVar [[r.VolumetricFog.HistoryMissSupersampleCount:4]]
[2021.11.25-10.51.19:401][  0]LogConfig: Setting CVar [[r.LightMaxDrawDistanceScale:1]]
[2021.11.25-10.51.19:401][  0]LogConfig: Setting CVar [[r.CapsuleShadows:1]]
[2021.11.25-10.51.19:401][  0]LogConfig: Applying CVar settings from Section [PostProcessQuality@3] File [C:/Users/Josh/Google Drive/Games/Unreal/Projects/ToonTanks/Saved/Config/Windows/Scalability.ini]
[2021.11.25-10.51.19:401][  0]LogConfig: Setting CVar [[r.MotionBlurQuality:4]]
[2021.11.25-10.51.19:401][  0]LogConfig: Setting CVar [[r.AmbientOcclusionMipLevelFactor:0.4]]
[2021.11.25-10.51.19:401][  0]LogConfig: Setting CVar [[r.AmbientOcclusionMaxQuality:100]]
[2021.11.25-10.51.19:401][  0]LogConfig: Setting CVar [[r.AmbientOcclusionLevels:-1]]
[2021.11.25-10.51.19:401][  0]LogConfig: Setting CVar [[r.AmbientOcclusionRadiusScale:1.0]]
[2021.11.25-10.51.19:401][  0]LogConfig: Setting CVar [[r.DepthOfFieldQuality:2]]
[2021.11.25-10.51.19:401][  0]LogConfig: Setting CVar [[r.RenderTargetPoolMin:400]]
[2021.11.25-10.51.19:401][  0]LogConfig: Setting CVar [[r.LensFlareQuality:2]]
[2021.11.25-10.51.19:401][  0]LogConfig: Setting CVar [[r.SceneColorFringeQuality:1]]
[2021.11.25-10.51.19:401][  0]LogConfig: Setting CVar [[r.EyeAdaptationQuality:2]]
[2021.11.25-10.51.19:401][  0]LogConfig: Setting CVar [[r.BloomQuality:5]]
[2021.11.25-10.51.19:401][  0]LogConfig: Setting CVar [[r.FastBlurThreshold:100]]
[2021.11.25-10.51.19:401][  0]LogConfig: Setting CVar [[r.Upscale.Quality:3]]
[2021.11.25-10.51.19:401][  0]LogConfig: Setting CVar [[r.Tonemapper.GrainQuantization:1]]
[2021.11.25-10.51.19:401][  0]LogConfig: Setting CVar [[r.LightShaftQuality:1]]
[2021.11.25-10.51.19:401][  0]LogConfig: Setting CVar [[r.Filter.SizeScale:1]]
[2021.11.25-10.51.19:401][  0]LogConfig: Setting CVar [[r.Tonemapper.Quality:5]]
[2021.11.25-10.51.19:401][  0]LogConfig: Setting CVar [[r.DOF.Gather.AccumulatorQuality:1        ; higher gathering accumulator quality]]
[2021.11.25-10.51.19:401][  0]LogConfig: Setting CVar [[r.DOF.Gather.PostfilterMethod:1          ; Median3x3 postfilering method]]
[2021.11.25-10.51.19:401][  0]LogConfig: Setting CVar [[r.DOF.Gather.EnableBokehSettings:0       ; no bokeh simulation when gathering]]
[2021.11.25-10.51.19:401][  0]LogConfig: Setting CVar [[r.DOF.Gather.RingCount:4                 ; medium number of samples when gathering]]
[2021.11.25-10.51.19:401][  0]LogConfig: Setting CVar [[r.DOF.Scatter.ForegroundCompositing:1    ; additive foreground scattering]]
[2021.11.25-10.51.19:401][  0]LogConfig: Setting CVar [[r.DOF.Scatter.BackgroundCompositing:2    ; additive background scattering]]
[2021.11.25-10.51.19:401][  0]LogConfig: Setting CVar [[r.DOF.Scatter.EnableBokehSettings:1      ; bokeh simulation when scattering]]
[2021.11.25-10.51.19:401][  0]LogConfig: Setting CVar [[r.DOF.Scatter.MaxSpriteRatio:0.1         ; only a maximum of 10% of scattered bokeh]]
[2021.11.25-10.51.19:401][  0]LogConfig: Setting CVar [[r.DOF.Recombine.Quality:1                ; cheap slight out of focus]]
[2021.11.25-10.51.19:401][  0]LogConfig: Setting CVar [[r.DOF.Recombine.EnableBokehSettings:0    ; no bokeh simulation on slight out of focus]]
[2021.11.25-10.51.19:401][  0]LogConfig: Setting CVar [[r.DOF.TemporalAAQuality:1                ; more stable temporal accumulation]]
[2021.11.25-10.51.19:401][  0]LogConfig: Setting CVar [[r.DOF.Kernel.MaxForegroundRadius:0.025]]
[2021.11.25-10.51.19:401][  0]LogConfig: Setting CVar [[r.DOF.Kernel.MaxBackgroundRadius:0.025]]
[2021.11.25-10.51.19:401][  0]LogConfig: Applying CVar settings from Section [TextureQuality@3] File [C:/Users/Josh/Google Drive/Games/Unreal/Projects/ToonTanks/Saved/Config/Windows/Scalability.ini]
[2021.11.25-10.51.19:401][  0]LogConfig: Setting CVar [[r.Streaming.MipBias:0]]
[2021.11.25-10.51.19:401][  0]LogConfig: Setting CVar [[r.Streaming.AmortizeCPUToGPUCopy:0]]
[2021.11.25-10.51.19:401][  0]LogConfig: Setting CVar [[r.Streaming.MaxNumTexturesToStreamPerFrame:0]]
[2021.11.25-10.51.19:401][  0]LogConfig: Setting CVar [[r.Streaming.Boost:1]]
[2021.11.25-10.51.19:401][  0]LogConfig: Setting CVar [[r.MaxAnisotropy:8]]
[2021.11.25-10.51.19:401][  0]LogConfig: Setting CVar [[r.VT.MaxAnisotropy:8]]
[2021.11.25-10.51.19:401][  0]LogConfig: Setting CVar [[r.Streaming.LimitPoolSizeToVRAM:0]]
[2021.11.25-10.51.19:401][  0]LogConfig: Setting CVar [[r.Streaming.PoolSize:1000]]
[2021.11.25-10.51.19:401][  0]LogConfig: Setting CVar [[r.Streaming.MaxEffectiveScreenSize:0]]
[2021.11.25-10.51.19:401][  0]LogConfig: Applying CVar settings from Section [EffectsQuality@3] File [C:/Users/Josh/Google Drive/Games/Unreal/Projects/ToonTanks/Saved/Config/Windows/Scalability.ini]
[2021.11.25-10.51.19:401][  0]LogConfig: Setting CVar [[r.TranslucencyLightingVolumeDim:64]]
[2021.11.25-10.51.19:401][  0]LogConfig: Setting CVar [[r.RefractionQuality:2]]
[2021.11.25-10.51.19:401][  0]LogConfig: Setting CVar [[r.SSR.Quality:3]]
[2021.11.25-10.51.19:401][  0]LogConfig: Setting CVar [[r.SSR.HalfResSceneColor:0]]
[2021.11.25-10.51.19:401][  0]LogConfig: Setting CVar [[r.SceneColorFormat:4]]
[2021.11.25-10.51.19:401][  0]LogConfig: Setting CVar [[r.DetailMode:2]]
[2021.11.25-10.51.19:401][  0]LogConfig: Setting CVar [[r.TranslucencyVolumeBlur:1]]
[2021.11.25-10.51.19:401][  0]LogConfig: Setting CVar [[r.MaterialQualityLevel:1 ; High quality]]
[2021.11.25-10.51.19:401][  0]LogConfig: Setting CVar [[r.AnisotropicMaterials:1]]
[2021.11.25-10.51.19:401][  0]LogConfig: Setting CVar [[r.SSS.Scale:1]]
[2021.11.25-10.51.19:401][  0]LogConfig: Setting CVar [[r.SSS.SampleSet:2]]
[2021.11.25-10.51.19:401][  0]LogConfig: Setting CVar [[r.SSS.Quality:1]]
[2021.11.25-10.51.19:401][  0]LogConfig: Setting CVar [[r.SSS.HalfRes:0]]
[2021.11.25-10.51.19:401][  0]LogConfig: Setting CVar [[r.SSGI.Quality:3]]
[2021.11.25-10.51.19:401][  0]LogConfig: Setting CVar [[r.EmitterSpawnRateScale:1.0]]
[2021.11.25-10.51.19:401][  0]LogConfig: Setting CVar [[r.ParticleLightQuality:2]]
[2021.11.25-10.51.19:401][  0]LogConfig: Setting CVar [[r.SkyAtmosphere.AerialPerspectiveLUT.FastApplyOnOpaque:1 ; Always have FastSkyLUT 1 in this case to avoid wrong sky]]
[2021.11.25-10.51.19:401][  0]LogConfig: Setting CVar [[r.SkyAtmosphere.AerialPerspectiveLUT.SampleCountMaxPerSlice:4]]
[2021.11.25-10.51.19:401][  0]LogConfig: Setting CVar [[r.SkyAtmosphere.AerialPerspectiveLUT.DepthResolution:16.0]]
[2021.11.25-10.51.19:401][  0]LogConfig: Setting CVar [[r.SkyAtmosphere.FastSkyLUT:1]]
[2021.11.25-10.51.19:401][  0]LogConfig: Setting CVar [[r.SkyAtmosphere.FastSkyLUT.SampleCountMin:4.0]]
[2021.11.25-10.51.19:401][  0]LogConfig: Setting CVar [[r.SkyAtmosphere.FastSkyLUT.SampleCountMax:128.0]]
[2021.11.25-10.51.19:401][  0]LogConfig: Setting CVar [[r.SkyAtmosphere.SampleCountMin:4.0]]
[2021.11.25-10.51.19:401][  0]LogConfig: Setting CVar [[r.SkyAtmosphere.SampleCountMax:128.0]]
[2021.11.25-10.51.19:401][  0]LogConfig: Setting CVar [[r.SkyAtmosphere.TransmittanceLUT.UseSmallFormat:0]]
[2021.11.25-10.51.19:401][  0]LogConfig: Setting CVar [[r.SkyAtmosphere.TransmittanceLUT.SampleCount:10.0]]
[2021.11.25-10.51.19:401][  0]LogConfig: Setting CVar [[r.SkyAtmosphere.MultiScatteringLUT.SampleCount:15.0]]
[2021.11.25-10.51.19:401][  0]LogConfig: Setting CVar [[r.SkyLight.RealTimeReflectionCapture:1]]
[2021.11.25-10.51.19:402][  0]LogConfig: Applying CVar settings from Section [FoliageQuality@3] File [C:/Users/Josh/Google Drive/Games/Unreal/Projects/ToonTanks/Saved/Config/Windows/Scalability.ini]
[2021.11.25-10.51.19:402][  0]LogConfig: Setting CVar [[foliage.DensityScale:1.0]]
[2021.11.25-10.51.19:402][  0]LogConfig: Setting CVar [[grass.DensityScale:1.0]]
[2021.11.25-10.51.19:402][  0]LogConfig: Applying CVar settings from Section [ShadingQuality@3] File [C:/Users/Josh/Google Drive/Games/Unreal/Projects/ToonTanks/Saved/Config/Windows/Scalability.ini]
[2021.11.25-10.51.19:402][  0]LogConfig: Setting CVar [[r.HairStrands.SkyLighting.IntegrationType:2]]
[2021.11.25-10.51.19:402][  0]LogConfig: Setting CVar [[r.HairStrands.SkyAO.SampleCount:4]]
[2021.11.25-10.51.19:402][  0]LogConfig: Setting CVar [[r.HairStrands.Visibility.MSAA.SamplePerPixel:4]]
[2021.11.25-10.51.19:402][  0]LogInit: Selected Device Profile: [Windows]
[2021.11.25-10.51.19:402][  0]LogInit: Applying CVar settings loaded from the selected device profile: [Windows]
[2021.11.25-10.51.19:402][  0]LogHAL: Display: Platform has ~ 16 GB [17011101696 / 17179869184 / 16], which maps to Larger [LargestMinGB=32, LargerMinGB=12, DefaultMinGB=8, SmallerMinGB=6, SmallestMinGB=0)
[2021.11.25-10.51.19:402][  0]LogInit: Going up to parent DeviceProfile []
[2021.11.25-10.51.19:402][  0]LogConfig: Applying CVar settings from Section [ViewDistanceQuality@3] File [C:/Users/Josh/Google Drive/Games/Unreal/Projects/ToonTanks/Saved/Config/Windows/Scalability.ini]
[2021.11.25-10.51.19:402][  0]LogConfig: Setting CVar [[r.SkeletalMeshLODBias:0]]
[2021.11.25-10.51.19:402][  0]LogConfig: Setting CVar [[r.ViewDistanceScale:1.0]]
[2021.11.25-10.51.19:402][  0]LogConfig: Applying CVar settings from Section [AntiAliasingQuality@3] File [C:/Users/Josh/Google Drive/Games/Unreal/Projects/ToonTanks/Saved/Config/Windows/Scalability.ini]
[2021.11.25-10.51.19:402][  0]LogConfig: Setting CVar [[r.PostProcessAAQuality:4]]
[2021.11.25-10.51.19:402][  0]LogConfig: Applying CVar settings from Section [ShadowQuality@3] File [C:/Users/Josh/Google Drive/Games/Unreal/Projects/ToonTanks/Saved/Config/Windows/Scalability.ini]
[2021.11.25-10.51.19:402][  0]LogConfig: Setting CVar [[r.LightFunctionQuality:1]]
[2021.11.25-10.51.19:402][  0]LogConfig: Setting CVar [[r.ShadowQuality:5]]
[2021.11.25-10.51.19:402][  0]LogConfig: Setting CVar [[r.Shadow.CSM.MaxCascades:10]]
[2021.11.25-10.51.19:402][  0]LogConfig: Setting CVar [[r.Shadow.MaxResolution:2048]]
[2021.11.25-10.51.19:402][  0]LogConfig: Setting CVar [[r.Shadow.MaxCSMResolution:2048]]
[2021.11.25-10.51.19:402][  0]LogConfig: Setting CVar [[r.Shadow.RadiusThreshold:0.01]]
[2021.11.25-10.51.19:402][  0]LogConfig: Setting CVar [[r.Shadow.DistanceScale:1.0]]
[2021.11.25-10.51.19:402][  0]LogConfig: Setting CVar [[r.Shadow.CSM.TransitionScale:1.0]]
[2021.11.25-10.51.19:402][  0]LogConfig: Setting CVar [[r.Shadow.PreShadowResolutionFactor:1.0]]
[2021.11.25-10.51.19:402][  0]LogConfig: Setting CVar [[r.DistanceFieldShadowing:1]]
[2021.11.25-10.51.19:402][  0]LogConfig: Setting CVar [[r.DistanceFieldAO:1]]
[2021.11.25-10.51.19:402][  0]LogConfig: Setting CVar [[r.AOQuality:2]]
[2021.11.25-10.51.19:402][  0]LogConfig: Setting CVar [[r.VolumetricFog:1]]
[2021.11.25-10.51.19:402][  0]LogConfig: Setting CVar [[r.VolumetricFog.GridPixelSize:8]]
[2021.11.25-10.51.19:402][  0]LogConfig: Setting CVar [[r.VolumetricFog.GridSizeZ:128]]
[2021.11.25-10.51.19:402][  0]LogConfig: Setting CVar [[r.VolumetricFog.HistoryMissSupersampleCount:4]]
[2021.11.25-10.51.19:402][  0]LogConfig: Setting CVar [[r.LightMaxDrawDistanceScale:1]]
[2021.11.25-10.51.19:402][  0]LogConfig: Setting CVar [[r.CapsuleShadows:1]]
[2021.11.25-10.51.19:402][  0]LogConfig: Applying CVar settings from Section [PostProcessQuality@3] File [C:/Users/Josh/Google Drive/Games/Unreal/Projects/ToonTanks/Saved/Config/Windows/Scalability.ini]
[2021.11.25-10.51.19:402][  0]LogConfig: Setting CVar [[r.MotionBlurQuality:4]]
[2021.11.25-10.51.19:402][  0]LogConfig: Setting CVar [[r.AmbientOcclusionMipLevelFactor:0.4]]
[2021.11.25-10.51.19:402][  0]LogConfig: Setting CVar [[r.AmbientOcclusionMaxQuality:100]]
[2021.11.25-10.51.19:402][  0]LogConfig: Setting CVar [[r.AmbientOcclusionLevels:-1]]
[2021.11.25-10.51.19:402][  0]LogConfig: Setting CVar [[r.AmbientOcclusionRadiusScale:1.0]]
[2021.11.25-10.51.19:402][  0]LogConfig: Setting CVar [[r.DepthOfFieldQuality:2]]
[2021.11.25-10.51.19:402][  0]LogConfig: Setting CVar [[r.RenderTargetPoolMin:400]]
[2021.11.25-10.51.19:402][  0]LogConfig: Setting CVar [[r.LensFlareQuality:2]]
[2021.11.25-10.51.19:402][  0]LogConfig: Setting CVar [[r.SceneColorFringeQuality:1]]
[2021.11.25-10.51.19:402][  0]LogConfig: Setting CVar [[r.EyeAdaptationQuality:2]]
[2021.11.25-10.51.19:402][  0]LogConfig: Setting CVar [[r.BloomQuality:5]]
[2021.11.25-10.51.19:402][  0]LogConfig: Setting CVar [[r.FastBlurThreshold:100]]
[2021.11.25-10.51.19:402][  0]LogConfig: Setting CVar [[r.Upscale.Quality:3]]
[2021.11.25-10.51.19:402][  0]LogConfig: Setting CVar [[r.Tonemapper.GrainQuantization:1]]
[2021.11.25-10.51.19:402][  0]LogConfig: Setting CVar [[r.LightShaftQuality:1]]
[2021.11.25-10.51.19:402][  0]LogConfig: Setting CVar [[r.Filter.SizeScale:1]]
[2021.11.25-10.51.19:402][  0]LogConfig: Setting CVar [[r.Tonemapper.Quality:5]]
[2021.11.25-10.51.19:402][  0]LogConfig: Setting CVar [[r.DOF.Gather.AccumulatorQuality:1        ; higher gathering accumulator quality]]
[2021.11.25-10.51.19:402][  0]LogConfig: Setting CVar [[r.DOF.Gather.PostfilterMethod:1          ; Median3x3 postfilering method]]
[2021.11.25-10.51.19:402][  0]LogConfig: Setting CVar [[r.DOF.Gather.EnableBokehSettings:0       ; no bokeh simulation when gathering]]
[2021.11.25-10.51.19:402][  0]LogConfig: Setting CVar [[r.DOF.Gather.RingCount:4                 ; medium number of samples when gathering]]
[2021.11.25-10.51.19:402][  0]LogConfig: Setting CVar [[r.DOF.Scatter.ForegroundCompositing:1    ; additive foreground scattering]]
[2021.11.25-10.51.19:402][  0]LogConfig: Setting CVar [[r.DOF.Scatter.BackgroundCompositing:2    ; additive background scattering]]
[2021.11.25-10.51.19:402][  0]LogConfig: Setting CVar [[r.DOF.Scatter.EnableBokehSettings:1      ; bokeh simulation when scattering]]
[2021.11.25-10.51.19:402][  0]LogConfig: Setting CVar [[r.DOF.Scatter.MaxSpriteRatio:0.1         ; only a maximum of 10% of scattered bokeh]]
[2021.11.25-10.51.19:402][  0]LogConfig: Setting CVar [[r.DOF.Recombine.Quality:1                ; cheap slight out of focus]]
[2021.11.25-10.51.19:402][  0]LogConfig: Setting CVar [[r.DOF.Recombine.EnableBokehSettings:0    ; no bokeh simulation on slight out of focus]]
[2021.11.25-10.51.19:402][  0]LogConfig: Setting CVar [[r.DOF.TemporalAAQuality:1                ; more stable temporal accumulation]]
[2021.11.25-10.51.19:402][  0]LogConfig: Setting CVar [[r.DOF.Kernel.MaxForegroundRadius:0.025]]
[2021.11.25-10.51.19:402][  0]LogConfig: Setting CVar [[r.DOF.Kernel.MaxBackgroundRadius:0.025]]
[2021.11.25-10.51.19:402][  0]LogConfig: Applying CVar settings from Section [TextureQuality@3] File [C:/Users/Josh/Google Drive/Games/Unreal/Projects/ToonTanks/Saved/Config/Windows/Scalability.ini]
[2021.11.25-10.51.19:402][  0]LogConfig: Setting CVar [[r.Streaming.MipBias:0]]
[2021.11.25-10.51.19:402][  0]LogConfig: Setting CVar [[r.Streaming.AmortizeCPUToGPUCopy:0]]
[2021.11.25-10.51.19:402][  0]LogConfig: Setting CVar [[r.Streaming.MaxNumTexturesToStreamPerFrame:0]]
[2021.11.25-10.51.19:402][  0]LogConfig: Setting CVar [[r.Streaming.Boost:1]]
[2021.11.25-10.51.19:402][  0]LogConfig: Setting CVar [[r.MaxAnisotropy:8]]
[2021.11.25-10.51.19:402][  0]LogConfig: Setting CVar [[r.VT.MaxAnisotropy:8]]
[2021.11.25-10.51.19:402][  0]LogConfig: Setting CVar [[r.Streaming.LimitPoolSizeToVRAM:0]]
[2021.11.25-10.51.19:402][  0]LogConfig: Setting CVar [[r.Streaming.PoolSize:1000]]
[2021.11.25-10.51.19:402][  0]LogConfig: Setting CVar [[r.Streaming.MaxEffectiveScreenSize:0]]
[2021.11.25-10.51.19:402][  0]LogConfig: Applying CVar settings from Section [EffectsQuality@3] File [C:/Users/Josh/Google Drive/Games/Unreal/Projects/ToonTanks/Saved/Config/Windows/Scalability.ini]
[2021.11.25-10.51.19:402][  0]LogConfig: Setting CVar [[r.TranslucencyLightingVolumeDim:64]]
[2021.11.25-10.51.19:402][  0]LogConfig: Setting CVar [[r.RefractionQuality:2]]
[2021.11.25-10.51.19:402][  0]LogConfig: Setting CVar [[r.SSR.Quality:3]]
[2021.11.25-10.51.19:402][  0]LogConfig: Setting CVar [[r.SSR.HalfResSceneColor:0]]
[2021.11.25-10.51.19:402][  0]LogConfig: Setting CVar [[r.SceneColorFormat:4]]
[2021.11.25-10.51.19:402][  0]LogConfig: Setting CVar [[r.DetailMode:2]]
[2021.11.25-10.51.19:402][  0]LogConfig: Setting CVar [[r.TranslucencyVolumeBlur:1]]
[2021.11.25-10.51.19:402][  0]LogConfig: Setting CVar [[r.MaterialQualityLevel:1 ; High quality]]
[2021.11.25-10.51.19:402][  0]LogConfig: Setting CVar [[r.AnisotropicMaterials:1]]
[2021.11.25-10.51.19:402][  0]LogConfig: Setting CVar [[r.SSS.Scale:1]]
[2021.11.25-10.51.19:402][  0]LogConfig: Setting CVar [[r.SSS.SampleSet:2]]
[2021.11.25-10.51.19:402][  0]LogConfig: Setting CVar [[r.SSS.Quality:1]]
[2021.11.25-10.51.19:402][  0]LogConfig: Setting CVar [[r.SSS.HalfRes:0]]
[2021.11.25-10.51.19:402][  0]LogConfig: Setting CVar [[r.SSGI.Quality:3]]
[2021.11.25-10.51.19:402][  0]LogConfig: Setting CVar [[r.EmitterSpawnRateScale:1.0]]
[2021.11.25-10.51.19:402][  0]LogConfig: Setting CVar [[r.ParticleLightQuality:2]]
[2021.11.25-10.51.19:402][  0]LogConfig: Setting CVar [[r.SkyAtmosphere.AerialPerspectiveLUT.FastApplyOnOpaque:1 ; Always have FastSkyLUT 1 in this case to avoid wrong sky]]
[2021.11.25-10.51.19:402][  0]LogConfig: Setting CVar [[r.SkyAtmosphere.AerialPerspectiveLUT.SampleCountMaxPerSlice:4]]
[2021.11.25-10.51.19:402][  0]LogConfig: Setting CVar [[r.SkyAtmosphere.AerialPerspectiveLUT.DepthResolution:16.0]]
[2021.11.25-10.51.19:402][  0]LogConfig: Setting CVar [[r.SkyAtmosphere.FastSkyLUT:1]]
[2021.11.25-10.51.19:402][  0]LogConfig: Setting CVar [[r.SkyAtmosphere.FastSkyLUT.SampleCountMin:4.0]]
[2021.11.25-10.51.19:402][  0]LogConfig: Setting CVar [[r.SkyAtmosphere.FastSkyLUT.SampleCountMax:128.0]]
[2021.11.25-10.51.19:402][  0]LogConfig: Setting CVar [[r.SkyAtmosphere.SampleCountMin:4.0]]
[2021.11.25-10.51.19:402][  0]LogConfig: Setting CVar [[r.SkyAtmosphere.SampleCountMax:128.0]]
[2021.11.25-10.51.19:402][  0]LogConfig: Setting CVar [[r.SkyAtmosphere.TransmittanceLUT.UseSmallFormat:0]]
[2021.11.25-10.51.19:402][  0]LogConfig: Setting CVar [[r.SkyAtmosphere.TransmittanceLUT.SampleCount:10.0]]
[2021.11.25-10.51.19:402][  0]LogConfig: Setting CVar [[r.SkyAtmosphere.MultiScatteringLUT.SampleCount:15.0]]
[2021.11.25-10.51.19:402][  0]LogConfig: Setting CVar [[r.SkyLight.RealTimeReflectionCapture:1]]
[2021.11.25-10.51.19:402][  0]LogConfig: Applying CVar settings from Section [FoliageQuality@3] File [C:/Users/Josh/Google Drive/Games/Unreal/Projects/ToonTanks/Saved/Config/Windows/Scalability.ini]
[2021.11.25-10.51.19:402][  0]LogConfig: Setting CVar [[foliage.DensityScale:1.0]]
[2021.11.25-10.51.19:402][  0]LogConfig: Setting CVar [[grass.DensityScale:1.0]]
[2021.11.25-10.51.19:402][  0]LogConfig: Applying CVar settings from Section [ShadingQuality@3] File [C:/Users/Josh/Google Drive/Games/Unreal/Projects/ToonTanks/Saved/Config/Windows/Scalability.ini]
[2021.11.25-10.51.19:403][  0]LogConfig: Setting CVar [[r.HairStrands.SkyLighting.IntegrationType:2]]
[2021.11.25-10.51.19:403][  0]LogConfig: Setting CVar [[r.HairStrands.SkyAO.SampleCount:4]]
[2021.11.25-10.51.19:403][  0]LogConfig: Setting CVar [[r.HairStrands.Visibility.MSAA.SamplePerPixel:4]]
[2021.11.25-10.51.19:403][  0]LogConfig: Applying CVar settings from Section [Startup] File [../../../Engine/Config/ConsoleVariables.ini]
[2021.11.25-10.51.19:403][  0]LogConfig: Setting CVar [[net.UseAdaptiveNetUpdateFrequency:0]]
[2021.11.25-10.51.19:403][  0]LogConfig: Setting CVar [[p.chaos.AllowCreatePhysxBodies:1]]
[2021.11.25-10.51.19:403][  0]LogConfig: Setting CVar [[fx.SkipVectorVMBackendOptimizations:1]]
[2021.11.25-10.51.19:403][  0]LogConfig: Applying CVar settings from Section [ConsoleVariables] File [C:/Users/Josh/Google Drive/Games/Unreal/Projects/ToonTanks/Saved/Config/Windows/Engine.ini]
[2021.11.25-10.51.19:403][  0]LogConfig: Applying CVar settings from Section [ConsoleVariables] File [C:/Users/Josh/Google Drive/Games/Unreal/Projects/ToonTanks/Saved/Config/Windows/Editor.ini]
[2021.11.25-10.51.19:403][  0]LogInit: Computer: LAPTOP-6DBCD3NQ
[2021.11.25-10.51.19:403][  0]LogInit: User: Josh
[2021.11.25-10.51.19:403][  0]LogInit: CPU Page size=4096, Cores=8
[2021.11.25-10.51.19:403][  0]LogInit: High frequency timer resolution =10.000000 MHz
[2021.11.25-10.51.19:403][  0]LogMemory: Memory total: Physical=15.8GB (16GB approx)
[2021.11.25-10.51.19:403][  0]LogMemory: Platform Memory Stats for Windows
[2021.11.25-10.51.19:403][  0]LogMemory: Process Physical Memory: 147.52 MB used, 147.52 MB peak
[2021.11.25-10.51.19:403][  0]LogMemory: Process Virtual Memory: 131.40 MB used, 131.40 MB peak
[2021.11.25-10.51.19:403][  0]LogMemory: Physical Memory: 8910.33 MB used,  7312.72 MB free, 16223.05 MB total
[2021.11.25-10.51.19:403][  0]LogMemory: Virtual Memory: 134209568.00 MB used,  8163.12 MB free, 134217728.00 MB total
[2021.11.25-10.51.19:410][  0]LogWindows: WindowsPlatformFeatures enabled
[2021.11.25-10.51.19:452][  0]LogInit: Physics initialised using underlying interface: PhysX
[2021.11.25-10.51.19:454][  0]LogInit: Using OS detected language (en-GB).
[2021.11.25-10.51.19:454][  0]LogInit: Using OS detected locale (en-NZ).
[2021.11.25-10.51.19:459][  0]LogTextLocalizationManager: No specific localization for 'en-GB' exists, so the 'en' localization will be used.
[2021.11.25-10.51.19:657][  0]LogInit: Setting process to per monitor DPI aware
[2021.11.25-10.51.19:678][  0]LogWindowsTextInputMethodSystem: Display: IME system deactivated.
[2021.11.25-10.51.19:692][  0]LogSlate: New Slate User Created.  User Index 0, Is Virtual User: 0
[2021.11.25-10.51.19:692][  0]LogSlate: Slate User Registered.  User Index 0, Is Virtual User: 0
[2021.11.25-10.51.19:801][  0]LogD3D11RHI: Loaded GFSDK_Aftermath_Lib.x64.dll
[2021.11.25-10.51.19:804][  0]LogHMD: Failed to initialize OpenVR with code 110
[2021.11.25-10.51.19:804][  0]LogD3D11RHI: D3D11 min allowed feature level: 11_0
[2021.11.25-10.51.19:804][  0]LogD3D11RHI: D3D11 max allowed feature level: 11_0
[2021.11.25-10.51.19:805][  0]LogD3D11RHI: D3D11 adapters:
[2021.11.25-10.51.19:912][  0]LogD3D11RHI:    0. 'NVIDIA GeForce RTX 2070 Super with Max-Q Design' (Feature Level 11_0)
[2021.11.25-10.51.19:912][  0]LogD3D11RHI:       8012/0/8111 MB DedicatedVideo/DedicatedSystem/SharedSystem, Outputs:1, VendorId:0x10de
[2021.11.25-10.51.19:937][  0]LogD3D11RHI:    1. 'Intel(R) UHD Graphics' (Feature Level 11_0)
[2021.11.25-10.51.19:937][  0]LogD3D11RHI:       128/0/8111 MB DedicatedVideo/DedicatedSystem/SharedSystem, Outputs:1, VendorId:0x8086
[2021.11.25-10.51.19:939][  0]LogD3D11RHI:    2. 'Microsoft Basic Render Driver' (Feature Level 11_0)
[2021.11.25-10.51.19:939][  0]LogD3D11RHI:       0/0/8111 MB DedicatedVideo/DedicatedSystem/SharedSystem, Outputs:0, VendorId:0x1414
[2021.11.25-10.51.19:939][  0]LogD3D11RHI: Chosen D3D11 Adapter:
[2021.11.25-10.51.19:939][  0]LogD3D11RHI:     Description : NVIDIA GeForce RTX 2070 Super with Max-Q Design
[2021.11.25-10.51.19:939][  0]LogD3D11RHI:     VendorId    : 10de
[2021.11.25-10.51.19:939][  0]LogD3D11RHI:     DeviceId    : 1ed1
[2021.11.25-10.51.19:939][  0]LogD3D11RHI:     SubSysId    : 14321025
[2021.11.25-10.51.19:939][  0]LogD3D11RHI:     Revision    : 00a1
[2021.11.25-10.51.19:939][  0]LogD3D11RHI:     DedicatedVideoMemory : 8401190912 bytes
[2021.11.25-10.51.19:939][  0]LogD3D11RHI:     DedicatedSystemMemory : 0 bytes
[2021.11.25-10.51.19:939][  0]LogD3D11RHI:     SharedSystemMemory : 8505550848 bytes
[2021.11.25-10.51.19:939][  0]LogD3D11RHI:     AdapterLuid : 0 83241
[2021.11.25-10.51.19:947][  0]LogD3D11RHI: Creating new Direct3DDevice
[2021.11.25-10.51.19:947][  0]LogD3D11RHI:     GPU DeviceId: 0x1ed1 (for the marketing name, search the web for "GPU Device Id")
[2021.11.25-10.51.19:947][  0]LogWindows: EnumDisplayDevices:
[2021.11.25-10.51.19:947][  0]LogWindows:    0. 'Intel(R) UHD Graphics' (P:0 D:1)
[2021.11.25-10.51.19:947][  0]LogWindows:    1. 'Intel(R) UHD Graphics' (P:0 D:0)
[2021.11.25-10.51.19:948][  0]LogWindows:    2. 'Intel(R) UHD Graphics' (P:0 D:0)
[2021.11.25-10.51.19:948][  0]LogWindows:    3. 'NVIDIA GeForce RTX 2070 Super with Max-Q Design' (P:1 D:1)
[2021.11.25-10.51.19:948][  0]LogWindows:    4. 'NVIDIA GeForce RTX 2070 Super with Max-Q Design' (P:0 D:0)
[2021.11.25-10.51.19:948][  0]LogWindows:    5. 'NVIDIA GeForce RTX 2070 Super with Max-Q Design' (P:0 D:0)
[2021.11.25-10.51.19:948][  0]LogWindows:    6. 'NVIDIA GeForce RTX 2070 Super with Max-Q Design' (P:0 D:0)
[2021.11.25-10.51.19:948][  0]LogWindows: DebugString: PrimaryIsNotTheChoosenAdapter PrimaryIsNotTheChoosenAdapter PrimaryIsNotTheChoosenAdapter FoundDriverCount:4 
[2021.11.25-10.51.19:948][  0]LogD3D11RHI:     Adapter Name: NVIDIA GeForce RTX 2070 Super with Max-Q Design
[2021.11.25-10.51.19:948][  0]LogD3D11RHI:   Driver Version: 496.76 (internal:30.0.14.9676, unified:496.76)
[2021.11.25-10.51.19:948][  0]LogD3D11RHI:      Driver Date: 11-9-2021
[2021.11.25-10.51.19:948][  0]LogRHI: Texture pool is 5608 MB (70% of 8012 MB)
[2021.11.25-10.51.19:948][  0]LogD3D11RHI: Creating D3DDevice using adapter:
[2021.11.25-10.51.19:948][  0]LogD3D11RHI:     Description : NVIDIA GeForce RTX 2070 Super with Max-Q Design
[2021.11.25-10.51.19:948][  0]LogD3D11RHI:     VendorId    : 10de
[2021.11.25-10.51.19:948][  0]LogD3D11RHI:     DeviceId    : 1ed1
[2021.11.25-10.51.19:948][  0]LogD3D11RHI:     SubSysId    : 14321025
[2021.11.25-10.51.19:948][  0]LogD3D11RHI:     Revision    : 00a1
[2021.11.25-10.51.19:948][  0]LogD3D11RHI:     DedicatedVideoMemory : 8401190912 bytes
[2021.11.25-10.51.19:948][  0]LogD3D11RHI:     DedicatedSystemMemory : 0 bytes
[2021.11.25-10.51.19:948][  0]LogD3D11RHI:     SharedSystemMemory : 8505550848 bytes
[2021.11.25-10.51.19:948][  0]LogD3D11RHI:     AdapterLuid : 0 83241
[2021.11.25-10.51.20:006][  0]LogD3D11RHI: RHI has support for 64 bit atomics
[2021.11.25-10.51.20:006][  0]LogD3D11RHI: Async texture creation enabled
[2021.11.25-10.51.20:006][  0]LogD3D11RHI: Array index from any shader is supported
[2021.11.25-10.51.20:032][  0]LogD3D11RHI: GPU Timing Frequency: 1000.000000 (Debug: 2 2)
[2021.11.25-10.51.20:064][  0]LogRHI: GeForceNow SDK initialized: 1
[2021.11.25-10.51.20:293][  0]LogTargetPlatformManager: Display: Loaded TargetPlatform 'AllDesktop'
[2021.11.25-10.51.20:311][  0]LogTargetPlatformManager: Display: Loaded TargetPlatform 'Android'
[2021.11.25-10.51.20:311][  0]LogTargetPlatformManager: Display: Loaded TargetPlatform 'Android_ASTC'
[2021.11.25-10.51.20:311][  0]LogTargetPlatformManager: Display: Loaded TargetPlatform 'Android_DXT'
[2021.11.25-10.51.20:311][  0]LogTargetPlatformManager: Display: Loaded TargetPlatform 'Android_ETC2'
[2021.11.25-10.51.20:311][  0]LogTargetPlatformManager: Display: Loaded TargetPlatform 'AndroidClient'
[2021.11.25-10.51.20:311][  0]LogTargetPlatformManager: Display: Loaded TargetPlatform 'Android_ASTCClient'
[2021.11.25-10.51.20:311][  0]LogTargetPlatformManager: Display: Loaded TargetPlatform 'Android_DXTClient'
[2021.11.25-10.51.20:311][  0]LogTargetPlatformManager: Display: Loaded TargetPlatform 'Android_ETC2Client'
[2021.11.25-10.51.20:311][  0]LogTargetPlatformManager: Display: Loaded TargetPlatform 'Android_Multi'
[2021.11.25-10.51.20:311][  0]LogTargetPlatformManager: Display: Loaded TargetPlatform 'Android_MultiClient'
[2021.11.25-10.51.20:330][  0]LogTargetPlatformManager: Display: Loaded TargetPlatform 'IOSClient'
[2021.11.25-10.51.20:330][  0]LogTargetPlatformManager: Display: Loaded TargetPlatform 'IOS'
[2021.11.25-10.51.20:338][  0]LogTargetPlatformManager: Display: Loaded TargetPlatform 'Linux'
[2021.11.25-10.51.20:342][  0]LogTargetPlatformManager: Display: Loaded TargetPlatform 'LinuxNoEditor'
[2021.11.25-10.51.20:345][  0]LogTargetPlatformManager: Display: Loaded TargetPlatform 'LinuxClient'
[2021.11.25-10.51.20:349][  0]LogTargetPlatformManager: Display: Loaded TargetPlatform 'LinuxServer'
[2021.11.25-10.51.20:356][  0]LogTargetPlatformManager: Display: Loaded TargetPlatform 'LinuxAArch64NoEditor'
[2021.11.25-10.51.20:360][  0]LogTargetPlatformManager: Display: Loaded TargetPlatform 'LinuxAArch64Client'
[2021.11.25-10.51.20:364][  0]LogTargetPlatformManager: Display: Loaded TargetPlatform 'LinuxAArch64Server'
[2021.11.25-10.51.20:382][  0]LogTargetPlatformManager: Display: Loaded TargetPlatform 'Lumin'
[2021.11.25-10.51.20:382][  0]LogTargetPlatformManager: Display: Loaded TargetPlatform 'LuminClient'
[2021.11.25-10.51.20:389][  0]LogTargetPlatformManager: Display: Loaded TargetPlatform 'MacNoEditor'
[2021.11.25-10.51.20:393][  0]LogTargetPlatformManager: Display: Loaded TargetPlatform 'Mac'
[2021.11.25-10.51.20:397][  0]LogTargetPlatformManager: Display: Loaded TargetPlatform 'MacClient'
[2021.11.25-10.51.20:401][  0]LogTargetPlatformManager: Display: Loaded TargetPlatform 'MacServer'
[2021.11.25-10.51.20:409][  0]LogTargetPlatformManager: Display: Loaded TargetPlatform 'TVOSClient'
[2021.11.25-10.51.20:409][  0]LogTargetPlatformManager: Display: Loaded TargetPlatform 'TVOS'
[2021.11.25-10.51.20:416][  0]LogTargetPlatformManager: Display: Loaded TargetPlatform 'WindowsNoEditor'
[2021.11.25-10.51.20:421][  0]LogTargetPlatformManager: Display: Loaded TargetPlatform 'Windows'
[2021.11.25-10.51.20:425][  0]LogTargetPlatformManager: Display: Loaded TargetPlatform 'WindowsClient'
[2021.11.25-10.51.20:429][  0]LogTargetPlatformManager: Display: Loaded TargetPlatform 'WindowsServer'
[2021.11.25-10.51.20:429][  0]LogTargetPlatformManager: Display: Building Assets For Windows
[2021.11.25-10.51.20:442][  0]LogAudioDebug: Display: Lib vorbis DLL was dynamically loaded.
[2021.11.25-10.51.20:470][  0]LogTextureFormatOodle: Display: Oodle Texture 2.9.0 init RDO Off
[2021.11.25-10.51.20:503][  0]LogRendererCore: Ray tracing is disabled. Reason: r.RayTracing=0.
[2021.11.25-10.51.20:503][  0]LogShaderCompilers: Guid format shader working directory is -26 characters bigger than the processId version (../../../../../Users/Josh/Google Drive/Games/Unreal/Projects/ToonTanks/Intermediate/Shaders/WorkingDirectory/20104/).
[2021.11.25-10.51.20:503][  0]LogShaderCompilers: Cleaned the shader compiler working directory 'C:/Users/Josh/AppData/Local/Temp/UnrealShaderWorkingDir/69F2C5C145587123BC72CD988374C976/'.
[2021.11.25-10.51.20:503][  0]LogXGEController: Cannot use XGE Controller as Incredibuild is not installed on this machine.
[2021.11.25-10.51.20:503][  0]LogShaderCompilers: Cannot use XGE Shader Compiler as Incredibuild is not installed on this machine.
[2021.11.25-10.51.20:503][  0]LogShaderCompilers: Display: Using Local Shader Compiler.
[2021.11.25-10.51.21:161][  0]LogDerivedDataCache: Display: Max Cache Size: 512 MB
[2021.11.25-10.51.21:218][  0]LogDerivedDataCache: Loaded boot cache 0.06s 94MB C:/Users/Josh/AppData/Local/UnrealEngine/4.27/DerivedDataCache/Boot.ddc.
[2021.11.25-10.51.21:218][  0]LogDerivedDataCache: Display: Loaded Boot cache: C:/Users/Josh/AppData/Local/UnrealEngine/4.27/DerivedDataCache/Boot.ddc
[2021.11.25-10.51.21:218][  0]LogDerivedDataCache: FDerivedDataBackendGraph:  Pak pak cache file ../../../../../Users/Josh/Google Drive/Games/Unreal/Projects/ToonTanks/DerivedDataCache/DDC.ddp not found, will not use a pak cache.
[2021.11.25-10.51.21:218][  0]LogDerivedDataCache: Unable to find inner node Pak for hierarchical cache Hierarchy.
[2021.11.25-10.51.21:218][  0]LogDerivedDataCache: FDerivedDataBackendGraph:  CompressedPak pak cache file ../../../../../Users/Josh/Google Drive/Games/Unreal/Projects/ToonTanks/DerivedDataCache/Compressed.ddp not found, will not use a pak cache.
[2021.11.25-10.51.21:218][  0]LogDerivedDataCache: Unable to find inner node CompressedPak for hierarchical cache Hierarchy.
[2021.11.25-10.51.21:232][  0]LogDerivedDataCache: Display: Pak cache opened for reading ../../../Engine/DerivedDataCache/Compressed.ddp.
[2021.11.25-10.51.21:232][  0]LogDerivedDataCache: FDerivedDataBackendGraph:  EnterprisePak pak cache file ../../../Enterprise/DerivedDataCache/Compressed.ddp not found, will not use a pak cache.
[2021.11.25-10.51.21:232][  0]LogDerivedDataCache: Unable to find inner node EnterprisePak for hierarchical cache Hierarchy.
[2021.11.25-10.51.21:237][  0]LogDerivedDataCache: Speed tests for C:/Users/Josh/AppData/Local/UnrealEngine/Common/DerivedDataCache took 0.01 seconds
[2021.11.25-10.51.21:237][  0]LogDerivedDataCache: Display: Performance to C:/Users/Josh/AppData/Local/UnrealEngine/Common/DerivedDataCache: Latency=0.01ms. RandomReadSpeed=2006.23MBs, RandomWriteSpeed=188.70MBs. Assigned SpeedClass 'Local'
[2021.11.25-10.51.21:238][  0]LogDerivedDataCache: Using Local data cache path C:/Users/Josh/AppData/Local/UnrealEngine/Common/DerivedDataCache: Writable
[2021.11.25-10.51.21:239][  0]LogDerivedDataCache: Shared data cache path not found in *engine.ini, will not use an Shared cache.
[2021.11.25-10.51.21:239][  0]LogDerivedDataCache: Unable to find inner node Shared for hierarchical cache Hierarchy.
[2021.11.25-10.51.21:284][  0]LogSlate: Using FreeType 2.10.0
[2021.11.25-10.51.21:284][  0]LogSlate: SlateFontServices - WITH_FREETYPE: 1, WITH_HARFBUZZ: 1
[2021.11.25-10.51.21:306][  0]LogAssetRegistry: FAssetRegistry took 0.0025 seconds to start up
[2021.11.25-10.51.21:626][  0]LogInit: Selected Device Profile: [Windows]
[2021.11.25-10.51.21:627][  0]LogInit: Active device profile: [0000014218156A00][00000142083B0240 49] Windows
[2021.11.25-10.51.21:627][  0]LogInit: Profiles: [0000014218156A00][00000142083B0240 49] Windows, [0000014218111800][00000142169E23C0 49] WindowsNoEditor, [0000014218155800][00000142169E6540 49] WindowsServer, [0000014218112200][00000142169EA6C0 49] WindowsClient, [0000014218156100][00000142083B4800 49] IOS, [0000014218111600][00000142169EE940 49] iPadAir, [0000014218156600][00000142169F2A80 49] iPadAir2, [00000142180A7100][00000142169FED00 49] IPadPro, [00000142180A7200][00000142169F6D40 49] iPadAir3, [0000014218155000][0000014216A02EC0 49] iPadAir4, [00000142180A7700][0000014216A07040 49] iPadMini2, [0000014218155F00][0000014216A0B1C0 49] iPadMini3, [00000142180A5600][0000014218C73340 49] iPadMini4, [0000014218154F00][0000014218C774C0 49] iPadMini5, [00000142180FA600][0000014218C7F780 49] iPhone6, [00000142180FA700][0000014218C7B7C0 49] iPodTouch6, [00000142180A5200][0000014218C87A80 49] iPhone7, [00000142180A5100][0000014218C83AC0 49] iPodTouch7, [00000142180F9C00][0000014218C8A0C0 49] iPhone5S, [00000142180A4C00][0000014218C8E240 49] iPhone6Plus, [00000142180F9600][0000014218C923C0 49] iPhone6S, [00000142180A6A00][0000014218C96540 49] iPhone6SPlus, [00000142180FA500][0000014218C9A6C0 49] iPhone7Plus, [00000142180A4F00][0000014218C9E840 49] iPhoneSE, [00000142180F9B00][00000142169FA980 49] iPhone8, [00000142180A7500][0000014218CA2AC0 49] iPhone8Plus, [00000142180F8100][0000014218CA6C00 49] iPhoneX, [00000142180A7600][0000014218CAAD40 49] iPhoneXS, [00000142180FA800][0000014218CB2EC0 49] iPhoneXSMax, [00000142180A6900][0000014218CB7040 49] iPhoneXR, [00000142180F9E00][0000014218CBB1C0 49] iPhone11, [00000142180A4700][0000014218CBF340 49] iPhone11Pro, [00000142180F9100][0000014218CC34C0 49] iPhone11ProMax, [00000142180A6C00][0000014218CC7640 49] iPhoneSE2, [00000142180FBB00][0000014218CCB7C0 49] iPhone12Mini, [00000142180A6100][0000014218CCF940 49] iPhone12, [00000142180F8A00][0000014218CD3AC0 49] iPhone12Pro, [00000142180A7B00][0000014218CD60C0 49] iPhone12ProMax, [00000142180FB900][0000014218CDA240 49] iPadPro105, [00000142180A7800][0000014218CDE3C0 49] iPadPro129, [00000142180F8300][0000014218CE2540 49] iPadPro97, [00000142180A4600][0000014218CE66C0 49] iPadPro2_129, [00000142180FB600][0000014218CEA840 49] iPad5, [00000142180A4100][0000014218CEE9C0 49] iPad6, [00000142180F9800][0000014218CF2B40 49] iPad7, [00000142180A7300][0000014218CAEC80 49] iPad8, [00000142180FAD00][0000014218CF6DC0 49] iPadPro11, [00000142180A5300][0000014218CFAF00 49] iPadPro2_11, [00000142180FB800][0000014218D03080 49] iPadPro3_129, [0000014218112300][0000014218D07200 49] iPadPro4_129, [00000142181A0300][0000014218D0B380 49] AppleTV, [0000014218113600][0000014218D0F500 49] AppleTV4K, [00000142181A0200][0000014218D13680 49] TVOS, [0000014218112C00][0000014218D17800 49] Mac, [00000142181A1400][0000014218D1B980 49] MacClient, [0000014218110200][0000014218D1FB00 49] MacNoEditor, [00000142181A1200][0000014218D22100 49] MacServer, [0000014218113400][0000014218D26280 49] Linux, [00000142181A1600][0000014218D2A400 49] LinuxAArch64, [0000014218112400][0000014218D2E580 49] LinuxNoEditor, [00000142181A1500][0000014218D32700 49] LinuxAArch64NoEditor, [0000014218113500][0000014218D36880 49] LinuxClient, [00000142181A1800][0000014218D3AA00 49] LinuxAArch64Client, [00000142180F8600][0000014218D3EB80 49] LinuxServer, [00000142180A7000][0000014218D42D00 49] LinuxAArch64Server, [00000142180F9200][0000014218CFEE40 49] Android, [00000142180A6800][0000014218D46F80 49] Android_Low, [00000142180F9400][0000014218D4B0C0 49] Android_Mid, [00000142180A4900][0000014218D53240 49] Android_High, [00000142180F8200][0000014218D573C0 49] Android_Default, [00000142180A7C00][0000014218D5B540 49] Android_Adreno4xx, [00000142180F8F00][0000014218D5F6C0 49] Android_Adreno5xx_Low, [00000142180A5F00][0000014218D63840 49] Android_Adreno5xx, [00000142180F9F00][0000014218D679C0 49] Android_Adreno6xx, [00000142180A6F00][0000014218D6BB40 49] Android_Adreno6xx_Vulkan, [00000142180F8500][0000014218D6E140 49] Android_Mali_T6xx, [00000142180A5500][0000014218D722C0 49] Android_Mali_T7xx, [00000142180FB000][0000014218D76440 49] Android_Mali_T8xx, [00000142180A6600][0000014218D7A5C0 49] Android_Mali_G71, [00000142180FBD00][0000014218D7E740 49] Android_Mali_G72, [00000142180A4E00][0000014218D828C0 49] Android_Mali_G72_Vulkan, [00000142180FAC00][0000014218D86A40 49] Android_Mali_G76, [00000142180A5C00][0000014218D8ABC0 49] Android_Mali_G76_Vulkan, [00000142180F8E00][0000014218D8ED40 49] Android_Mali_G77, [00000142180A4400][0000014218D92EC0 49] Android_Mali_G77_Vulkan, [00000142180F9700][0000014218D4F000 49] Android_Mali_G78, [00000142181A1A00][0000014218D97140 49] Android_Mali_G78_Vulkan, [00000142180FA100][0000014218D9B280 49] Android_Mali_G710, [00000142181A0100][0000014218D9F3C0 49] Android_Mali_G710_Vulkan, [00000142180F8800][0000014218DA7540 49] Android_Vulkan_SM5, [00000142181A1300][0000014218DAB6C0 49] Android_PowerVR_G6xxx, [00000142180FB400][0000014218DAF840 49] Android_PowerVR_GT7xxx, [00000142180A5900][0000014218DB39C0 49] Android_PowerVR_GE8xxx, [00000142180FB200][0000014218DB7B40 49] Android_PowerVR_GM9xxx, [00000142180A4200][0000014218DDA140 49] Android_PowerVR_GM9xxx_Vulkan, [00000142180FB700][0000014218DFE2C0 49] Android_TegraK1, [00000142180A6E00][0000014218E02440 49] Android_Unknown_Vulkan, [00000142180FA900][0000014218E065C0 49] Lumin, [00000142180A6D00][0000014218E0A740 49] Lumin_Desktop, [00000142180F8D00][0000014218E0E8C0 49] HoloLens, 
[2021.11.25-10.51.21:815][  0]LogMeshReduction: Using QuadricMeshReduction for automatic static mesh reduction
[2021.11.25-10.51.21:815][  0]LogMeshReduction: Using SimplygonMeshReduction for automatic skeletal mesh reduction
[2021.11.25-10.51.21:815][  0]LogMeshReduction: Using ProxyLODMeshReduction for automatic mesh merging
[2021.11.25-10.51.21:815][  0]LogMeshReduction: No distributed automatic mesh merging module available
[2021.11.25-10.51.21:815][  0]LogMeshMerging: No distributed automatic mesh merging module available
[2021.11.25-10.51.21:835][  0]LogNetVersion: ToonTanks 1.0.0, NetCL: 17155196, EngineNetVer: 17, GameNetVer: 0 (Checksum: 3806074785)
[2021.11.25-10.51.22:307][  0]LogTexture: Default maximum texture size for cubemaps generated from long-lat sources has been changed from 512 to unlimited. In order to preserve old behaiour for '/Engine/MapTemplates/Sky/DaylightAmbientCubemap.DaylightAmbientCubemap', its maximum texture size has been explicitly set to 512.
[2021.11.25-10.51.22:415][  0]LogHMD: PokeAHoleMaterial loaded successfully
[2021.11.25-10.51.22:422][  0]LogUObjectArray: 17174 objects as part of root set at end of initial load.
[2021.11.25-10.51.22:422][  0]LogUObjectAllocator: 4300288 out of 0 bytes used by permanent object pool.
[2021.11.25-10.51.22:422][  0]LogUObjectArray: CloseDisregardForGC: 0/0 objects in disregard for GC pool
[2021.11.25-10.51.22:823][  0]LogNiagaraDebuggerClient: Niagara Debugger Client Initialized | Session: 68D95B4A4F7BAB2605FB25B92885967B | Instance: ABE69EDD469471C33A5393A5390014F7 (LAPTOP-6DBCD3NQ-20104).
[2021.11.25-10.51.23:044][  0]LogImageWrapper: Warning: PNG Warning: Duplicate iCCP chunk
[2021.11.25-10.51.23:044][  0]LogImageWrapper: Warning: PNG Warning: Duplicate iCCP chunk
[2021.11.25-10.51.23:044][  0]LogTcpMessaging: Initializing TcpMessaging bridge
[2021.11.25-10.51.23:053][  0]LogUdpMessaging: Initializing bridge on interface 0.0.0.0:0 to multicast group 230.0.0.1:6666.
[2021.11.25-10.51.23:074][  0]LogPython: Using Python 3.7.7
[2021.11.25-10.51.23:798][  0]SourceControl: Source control is disabled
[2021.11.25-10.51.23:798][  0]SourceControl: Source control is disabled
[2021.11.25-10.51.23:801][  0]SourceControl: Source control is disabled
[2021.11.25-10.51.23:809][  0]SourceControl: Source control is disabled
[2021.11.25-10.51.23:812][  0]SourceControl: Source control is disabled
[2021.11.25-10.51.23:821][  0]LogUProjectInfo: Found projects:
[2021.11.25-10.51.23:981][  0]LogOpenImageDenoise: OIDN starting up
[2021.11.25-10.51.24:008][  0]LogAndroidPermission: UAndroidPermissionCallbackProxy::GetInstance
[2021.11.25-10.51.24:033][  0]LogAudioCaptureCore: Display: No Audio Capture implementations found. Audio input will be silent.
[2021.11.25-10.51.24:033][  0]LogAudioCaptureCore: Display: No Audio Capture implementations found. Audio input will be silent.
[2021.11.25-10.51.24:145][  0]LogCollectionManager: Loaded 0 collections in 0.000670 seconds
[2021.11.25-10.51.24:170][  0]LogFileCache: Scanning file cache for directory 'C:/Users/Josh/Google Drive/Games/Unreal/Projects/ToonTanks/Saved/Collections/' took 0.00s
[2021.11.25-10.51.24:170][  0]LogFileCache: Scanning file cache for directory 'C:/Users/Josh/Google Drive/Games/Unreal/Projects/ToonTanks/Content/Developers/Josh/Collections/' took 0.00s
[2021.11.25-10.51.24:170][  0]LogFileCache: Scanning file cache for directory 'C:/Users/Josh/Google Drive/Games/Unreal/Projects/ToonTanks/Content/Collections/' took 0.00s
[2021.11.25-10.51.24:170][  0]LogOcInput: OculusInput pre-init called
[2021.11.25-10.51.24:362][  0]LogImageWrapper: Warning: PNG Warning: Duplicate iCCP chunk
[2021.11.25-10.51.24:362][  0]LogImageWrapper: Warning: PNG Warning: Duplicate iCCP chunk
[2021.11.25-10.51.24:362][  0]LogEngine: Initializing Engine...
[2021.11.25-10.51.24:370][  0]LogHMD: Failed to enumerate extensions. Please check that you have a valid OpenXR runtime installed.
[2021.11.25-10.51.24:370][  0]LogHMD: Failed to initialize OpenVR with code 110
[2021.11.25-10.51.24:370][  0]LogMagicLeap: Warning: VR disabled because ZI is not enabled.  To enable, in the editor, Edit -> Project Settings -> Plugins -> Magic Leap Plugin -> Enable Zero Iteration
[2021.11.25-10.51.24:371][  0]LogStats: UGameplayTagsManager::InitializeManager -  0.000 s
[2021.11.25-10.51.24:527][  0]LogInit: Initializing FReadOnlyCVARCache
[2021.11.25-10.51.24:534][  0]LogAIModule: Creating AISystem for world Untitled
[2021.11.25-10.51.24:538][  0]LogAudio: Display: Initializing Audio Device Manager...
[2021.11.25-10.51.24:542][  0]LogAudio: Display: Loading Default Audio Settings Objects...
[2021.11.25-10.51.24:543][  0]LogAudio: Display: No default SoundConcurrencyObject specified (or failed to load).
[2021.11.25-10.51.24:543][  0]LogAudio: Display: Audio Device Manager Initialized
[2021.11.25-10.51.24:543][  0]LogAudio: Display: Creating Audio Device:                 Id: 1, Scope: Shared, Realtime: True
[2021.11.25-10.51.24:543][  0]LogAudioMixer: Display: Audio Mixer Platform Settings:
[2021.11.25-10.51.24:543][  0]LogAudioMixer: Display: 	Sample Rate:						  48000
[2021.11.25-10.51.24:543][  0]LogAudioMixer: Display: 	Callback Buffer Frame Size Requested: 1024
[2021.11.25-10.51.24:543][  0]LogAudioMixer: Display: 	Callback Buffer Frame Size To Use:	  1024
[2021.11.25-10.51.24:543][  0]LogAudioMixer: Display: 	Number of buffers to queue:			  2
[2021.11.25-10.51.24:543][  0]LogAudioMixer: Display: 	Max Channels (voices):				  32
[2021.11.25-10.51.24:543][  0]LogAudioMixer: Display: 	Number of Async Source Workers:		  0
[2021.11.25-10.51.24:543][  0]LogAudio: Display: AudioDevice MaxSources: 32
[2021.11.25-10.51.24:543][  0]LogAudio: Display: Audio Spatialization Plugin: None (built-in).
[2021.11.25-10.51.24:543][  0]LogAudio: Display: Audio Reverb Plugin: None (built-in).
[2021.11.25-10.51.24:543][  0]LogAudio: Display: Audio Occlusion Plugin: None (built-in).
[2021.11.25-10.51.24:543][  0]LogAudioMixer: Display: Initializing audio mixer.
[2021.11.25-10.51.24:564][  0]LogAudioMixer: Display: 0: FrontLeft
[2021.11.25-10.51.24:564][  0]LogAudioMixer: Display: 1: FrontRight
[2021.11.25-10.51.24:900][  0]LogAudioMixer: Display: Using Audio Device Headphones (Logi Z207)
[2021.11.25-10.51.24:903][  0]LogAudioMixer: Display: Initializing Sound Submixes...
[2021.11.25-10.51.24:904][  0]LogAudioMixer: Display: Creating Master Submix 'MasterSubmixDefault'
[2021.11.25-10.51.24:905][  0]LogAudioMixer: Display: Creating Master Submix 'MasterReverbSubmixDefault'
[2021.11.25-10.51.24:905][  0]LogAudioMixer: Display: Creating Master Submix 'MasterEQSubmixDefault'
[2021.11.25-10.51.24:905][  0]LogAudioMixer: FMixerPlatformXAudio2::StartAudioStream() called
[2021.11.25-10.51.24:905][  0]LogAudioMixer: Display: Output buffers initialized: Frames=1024, Channels=2, Samples=2048
[2021.11.25-10.51.24:906][  0]LogAudioMixer: Display: Starting AudioMixerPlatformInterface::RunInternal()
[2021.11.25-10.51.24:906][  0]LogAudioMixer: Display: FMixerPlatformXAudio2::SubmitBuffer() called for the first time
[2021.11.25-10.51.24:906][  0]LogInit: FAudioDevice initialized.
[2021.11.25-10.51.24:907][  0]LogAudio: Display: Audio Device (ID: 1) registered with world 'Untitled'.
[2021.11.25-10.51.24:907][  0]LogNetVersion: Set ProjectVersion to 1.0.0.0. Version Checksum will be recalculated on next use.
[2021.11.25-10.51.25:014][  0]LogDerivedDataCache: Saved boot cache 0.11s 94MB C:/Users/Josh/AppData/Local/UnrealEngine/4.27/DerivedDataCache/Boot.ddc.
[2021.11.25-10.51.25:016][  0]LogInit: Texture streaming: Enabled
[2021.11.25-10.51.25:032][  0]LogAnalytics: Display: [UEEditor.Rocket.Release] APIServer = https://datarouter.ol.epicgames.com/. AppVersion = 4.27.1-17735300+++UE4+Release-4.27
[2021.11.25-10.51.25:035][  0]LogEngineSessionManager: EngineSessionManager initialized
[2021.11.25-10.51.25:035][  0]LogEditorSessionSummary: Verbose: Initializing EditorSessionSummaryWriter for editor session tracking
[2021.11.25-10.51.25:037][  0]LogEditorSessionSummary: EditorSessionSummaryWriter initialized
[2021.11.25-10.51.25:067][  0]LogInit: Transaction tracking system initialized
[2021.11.25-10.51.25:088][  0]BlueprintLog: New page: Editor Load
[2021.11.25-10.51.25:147][  0]LocalizationService: Localization service is disabled
[2021.11.25-10.51.25:170][  0]TimingProfiler: Initialize
[2021.11.25-10.51.25:170][  0]TimingProfiler: OnSessionChanged
[2021.11.25-10.51.25:170][  0]LoadingProfiler: Initialize
[2021.11.25-10.51.25:170][  0]LoadingProfiler: OnSessionChanged
[2021.11.25-10.51.25:170][  0]NetworkingProfiler: Initialize
[2021.11.25-10.51.25:170][  0]NetworkingProfiler: OnSessionChanged
[2021.11.25-10.51.25:170][  0]MemoryProfiler: Initialize
[2021.11.25-10.51.25:170][  0]MemoryProfiler: OnSessionChanged
[2021.11.25-10.51.25:292][  0]LogCook: Display: CookSettings for Memory: MemoryMaxUsedVirtual 0MiB, MemoryMaxUsedPhysical 16384MiB, MemoryMinFreeVirtual 0MiB, MemoryMinFreePhysical 1024MiB
[2021.11.25-10.51.25:292][  0]LogCook: Display: Mobile HDR setting 1
[2021.11.25-10.51.25:465][  0]LogFileCache: Scanning file cache for directory 'C:/Users/Josh/Google Drive/Games/Unreal/Projects/ToonTanks/Content/' took 0.01s
[2021.11.25-10.51.25:688][  0]LogImageWrapper: Warning: PNG Warning: Duplicate iCCP chunk
[2021.11.25-10.51.25:688][  0]LogImageWrapper: Warning: PNG Warning: Duplicate iCCP chunk
[2021.11.25-10.51.25:688][  0]LogInit: Display: Engine is initialized. Leaving FEngineLoop::Init()
[2021.11.25-10.51.25:693][  0]SourceControl: Source control is disabled
[2021.11.25-10.51.25:693][  0]LogUnrealEdMisc: Loading editor; pre map load, took 7.106
[2021.11.25-10.51.25:693][  0]Cmd: MAP LOAD FILE="../../../../../Users/Josh/Google Drive/Games/Unreal/Projects/ToonTanks/Content/Maps/Main.umap" TEMPLATE=0 SHOWPROGRESS=1 FEATURELEVEL=3
[2021.11.25-10.51.25:694][  0]LightingResults: New page: Lighting Build
[2021.11.25-10.51.25:695][  0]LogWorld: UWorld::CleanupWorld for Untitled, bSessionEnded=true, bCleanupResources=true
[2021.11.25-10.51.25:695][  0]LogSlate: InvalidateAllWidgets triggered.  All widgets were invalidated
[2021.11.25-10.51.25:695][  0]MapCheck: New page: Map Check
[2021.11.25-10.51.25:696][  0]LightingResults: New page: Lighting Build
[2021.11.25-10.51.25:700][  0]LogAudio: Display: Audio Device unregistered from world 'None'.
[2021.11.25-10.51.25:707][  0]LogUObjectHash: Compacting FUObjectHashTables data took   2.22ms
[2021.11.25-10.51.25:782][  0]LogTexture: Display: Building textures: HQ_Lightmap0_2 (OODLE_AutoDXT, 64X64)
[2021.11.25-10.51.25:782][  0]LogTexture: Display: Building textures: SkyOcclusion0_2 (OODLE_AutoDXT, 64X32)
[2021.11.25-10.51.25:782][  0]LogTexture: Display: Building textures: ShadowMapTexture2D_1 (G8, 32X32)
[2021.11.25-10.51.25:782][  0]LogTexture: Display: Building textures: LQ_Lightmap_0_2 (OODLE_DXT1, 64X64)
[2021.11.25-10.51.25:782][  0]LogTexture: Display: Building textures: ShadowMapTexture2D_0 (G8, 512X128)
[2021.11.25-10.51.25:782][  0]LogTexture: Display: Building textures: SkyOcclusion0_1 (OODLE_AutoDXT, 512X256)
[2021.11.25-10.51.25:782][  0]LogTexture: Display: Building textures: HQ_Lightmap0_1 (OODLE_AutoDXT, 512X512)
[2021.11.25-10.51.25:782][  0]LogTexture: Display: Building textures: LQ_Lightmap_0_1 (OODLE_DXT1, 512X512)
[2021.11.25-10.51.25:782][  0]LogTexture: Display: Building textures: T_BasicGrid_M (BGRA8, 512X512)
[2021.11.25-10.51.25:782][  0]LogTexture: Display: Building textures: T_BasicGrid_N (OODLE_BC5, 1024X1024)
[2021.11.25-10.51.25:824][  0]LogTextureFormatOodle: Display: non-RDO encode 1024 x 1024 x 1 to format OODLE_BC5 (Oodle OodleTex_BC5U) lambda=0 effort=20 
[2021.11.25-10.51.25:824][  0]LogMaterial: Display: Missing cached shadermap for M_GridBase in PCD3D_SM5, Default, SM5 (DDC key hash: 6D4C116930CBBD7455822706B46D1357585FBF5E), compiling. 
[2021.11.25-10.51.25:910][  0]LogShaderCompilers: Display: Submitted 50 shader compile jobs with 'Low' priority
[2021.11.25-10.51.25:912][  0]LogMaterial: Display: Missing cached shadermap for M_Grid_Inst in PCD3D_SM5, Default, SM5 (DDC key hash: 2A2A84D14064F1F114F723FF6A08A3326E9E24B7), compiling. 
[2021.11.25-10.51.25:944][  0]LogShaderCompilers: Display: Worker (1/13): shaders left to compile 50
[2021.11.25-10.51.25:944][  0]LogShaderCompilers: Display: Worker (2/13): shaders left to compile 46
[2021.11.25-10.51.25:944][  0]LogShaderCompilers: Display: Worker (3/13): shaders left to compile 42
[2021.11.25-10.51.25:944][  0]LogShaderCompilers: Display: Worker (4/13): shaders left to compile 38
[2021.11.25-10.51.25:944][  0]LogShaderCompilers: Display: Worker (5/13): shaders left to compile 34
[2021.11.25-10.51.25:944][  0]LogShaderCompilers: Display: Worker (6/13): shaders left to compile 30
[2021.11.25-10.51.25:944][  0]LogShaderCompilers: Display: Worker (7/13): shaders left to compile 26
[2021.11.25-10.51.25:944][  0]LogShaderCompilers: Display: Worker (8/13): shaders left to compile 22
[2021.11.25-10.51.25:944][  0]LogShaderCompilers: Display: Worker (9/13): shaders left to compile 18
[2021.11.25-10.51.25:944][  0]LogShaderCompilers: Display: Worker (10/13): shaders left to compile 14
[2021.11.25-10.51.25:944][  0]LogShaderCompilers: Display: Worker (11/13): shaders left to compile 10
[2021.11.25-10.51.25:944][  0]LogShaderCompilers: Display: Worker (12/13): shaders left to compile 6
[2021.11.25-10.51.25:944][  0]LogShaderCompilers: Display: Worker (13/13): shaders left to compile 2
[2021.11.25-10.51.25:944][  0]LogShaderCompilers: Display: Started 50 'Local' shader compile jobs with 'Low' priority
[2021.11.25-10.51.25:944][  0]LogShaderCompilers: Display: Submitted 50 shader compile jobs with 'Low' priority
[2021.11.25-10.51.25:947][  0]LogAudio: Display: Audio Device (ID: 1) registered with world 'Main'.
[2021.11.25-10.51.25:948][  0]LogAIModule: Creating AISystem for world Main
[2021.11.25-10.51.25:954][  0]LogEditorServer: Finished looking for orphan Actors (0.000 secs)
[2021.11.25-10.51.25:966][  0]LogUObjectHash: Compacting FUObjectHashTables data took   1.95ms
[2021.11.25-10.51.25:969][  0]Cmd: MAP CHECKDEP NOCLEARLOG
[2021.11.25-10.51.25:970][  0]MapCheck: Map check complete: 0 Error(s), 0 Warning(s), took 0.231ms to complete.
[2021.11.25-10.51.25:970][  0]LogFileHelpers: Loading map 'Main' took 0.276
[2021.11.25-10.51.25:972][  0]LogUnrealEdMisc: Total Editor Startup Time, took 7.385
[2021.11.25-10.51.26:217][  0]LogSlate: Updating window title bar state: overlay mode, drag disabled, window buttons hidden, title bar hidden
[2021.11.25-10.51.26:226][  0]LogSlate: Updating window title bar state: overlay mode, drag disabled, window buttons hidden, title bar hidden
[2021.11.25-10.51.26:234][  0]LogSlate: Updating window title bar state: overlay mode, drag disabled, window buttons hidden, title bar hidden
[2021.11.25-10.51.26:245][  0]LogSlate: Updating window title bar state: overlay mode, drag disabled, window buttons hidden, title bar hidden
[2021.11.25-10.51.26:278][  0]LogNativeClassHierarchy: Verbose: Native class hierarchy populated in 0.0157 seconds. Added 3822 classes and 928 folders.
[2021.11.25-10.51.26:284][  0]LogNativeClassHierarchy: Verbose: Native class hierarchy updated for 'WidgetCarousel' in 0.0003 seconds. Added 0 classes and 0 folders.
[2021.11.25-10.51.26:308][  0]LogPakFile: PakFile PrimaryIndexSize=187
[2021.11.25-10.51.26:308][  0]LogPakFile: PakFile PathHashIndexSize=101
[2021.11.25-10.51.26:308][  0]LogPakFile: PakFile FullDirectoryIndexSize=148
[2021.11.25-10.51.26:309][  0]LogShaderLibrary: Display: ShaderCodeLibraryPakFileMountedCallback: PakFile 'C:/Unreal/UE_4.27/FeaturePacks/FP_FirstPerson.upack' (chunk index -1, root 'root:/') mounted
[2021.11.25-10.51.26:309][  0]LogShaderLibrary: Display: ShaderCodeLibraryPakFileMountedCallback: pending pak file info (ChunkID:-1 Root:root:/ File:C:/Unreal/UE_4.27/FeaturePacks/FP_FirstPerson.upack)
[2021.11.25-10.51.26:309][  0]LogPakFile: OnPakFileMounted2Time == 0.000616
[2021.11.25-10.51.26:320][  0]LogPakFile: PakFile PrimaryIndexSize=189
[2021.11.25-10.51.26:320][  0]LogPakFile: PakFile PathHashIndexSize=101
[2021.11.25-10.51.26:320][  0]LogPakFile: PakFile FullDirectoryIndexSize=152
[2021.11.25-10.51.26:320][  0]LogShaderLibrary: Display: ShaderCodeLibraryPakFileMountedCallback: PakFile 'C:/Unreal/UE_4.27/FeaturePacks/FP_FirstPersonBP.upack' (chunk index -1, root 'root:/') mounted
[2021.11.25-10.51.26:320][  0]LogShaderLibrary: Display: ShaderCodeLibraryPakFileMountedCallback: pending pak file info (ChunkID:-1 Root:root:/ File:C:/Unreal/UE_4.27/FeaturePacks/FP_FirstPersonBP.upack)
[2021.11.25-10.51.26:320][  0]LogPakFile: OnPakFileMounted2Time == 0.000065
[2021.11.25-10.51.26:328][  0]LogPakFile: PakFile PrimaryIndexSize=191
[2021.11.25-10.51.26:328][  0]LogPakFile: PakFile PathHashIndexSize=101
[2021.11.25-10.51.26:328][  0]LogPakFile: PakFile FullDirectoryIndexSize=160
[2021.11.25-10.51.26:328][  0]LogShaderLibrary: Display: ShaderCodeLibraryPakFileMountedCallback: PakFile 'C:/Unreal/UE_4.27/FeaturePacks/MobileStarterContent.upack' (chunk index -1, root 'root:/') mounted
[2021.11.25-10.51.26:328][  0]LogShaderLibrary: Display: ShaderCodeLibraryPakFileMountedCallback: pending pak file info (ChunkID:-1 Root:root:/ File:C:/Unreal/UE_4.27/FeaturePacks/MobileStarterContent.upack)
[2021.11.25-10.51.26:328][  0]LogPakFile: OnPakFileMounted2Time == 0.000036
[2021.11.25-10.51.26:336][  0]LogPakFile: PakFile PrimaryIndexSize=185
[2021.11.25-10.51.26:336][  0]LogPakFile: PakFile PathHashIndexSize=101
[2021.11.25-10.51.26:336][  0]LogPakFile: PakFile FullDirectoryIndexSize=148
[2021.11.25-10.51.26:336][  0]LogShaderLibrary: Display: ShaderCodeLibraryPakFileMountedCallback: PakFile 'C:/Unreal/UE_4.27/FeaturePacks/StarterContent.upack' (chunk index -1, root 'root:/') mounted
[2021.11.25-10.51.26:336][  0]LogShaderLibrary: Display: ShaderCodeLibraryPakFileMountedCallback: pending pak file info (ChunkID:-1 Root:root:/ File:C:/Unreal/UE_4.27/FeaturePacks/StarterContent.upack)
[2021.11.25-10.51.26:336][  0]LogPakFile: OnPakFileMounted2Time == 0.000037
[2021.11.25-10.51.26:343][  0]LogPakFile: PakFile PrimaryIndexSize=190
[2021.11.25-10.51.26:343][  0]LogPakFile: PakFile PathHashIndexSize=101
[2021.11.25-10.51.26:343][  0]LogPakFile: PakFile FullDirectoryIndexSize=154
[2021.11.25-10.51.26:343][  0]LogShaderLibrary: Display: ShaderCodeLibraryPakFileMountedCallback: PakFile 'C:/Unreal/UE_4.27/FeaturePacks/TP_2DSideScroller.upack' (chunk index -1, root 'root:/') mounted
[2021.11.25-10.51.26:343][  0]LogShaderLibrary: Display: ShaderCodeLibraryPakFileMountedCallback: pending pak file info (ChunkID:-1 Root:root:/ File:C:/Unreal/UE_4.27/FeaturePacks/TP_2DSideScroller.upack)
[2021.11.25-10.51.26:343][  0]LogPakFile: OnPakFileMounted2Time == 0.000036
[2021.11.25-10.51.26:348][  0]LogPakFile: PakFile PrimaryIndexSize=192
[2021.11.25-10.51.26:348][  0]LogPakFile: PakFile PathHashIndexSize=101
[2021.11.25-10.51.26:348][  0]LogPakFile: PakFile FullDirectoryIndexSize=158
[2021.11.25-10.51.26:348][  0]LogShaderLibrary: Display: ShaderCodeLibraryPakFileMountedCallback: PakFile 'C:/Unreal/UE_4.27/FeaturePacks/TP_2DSideScrollerBP.upack' (chunk index -1, root 'root:/') mounted
[2021.11.25-10.51.26:349][  0]LogShaderLibrary: Display: ShaderCodeLibraryPakFileMountedCallback: pending pak file info (ChunkID:-1 Root:root:/ File:C:/Unreal/UE_4.27/FeaturePacks/TP_2DSideScrollerBP.upack)
[2021.11.25-10.51.26:349][  0]LogPakFile: OnPakFileMounted2Time == 0.000056
[2021.11.25-10.51.26:357][  0]LogPakFile: PakFile PrimaryIndexSize=182
[2021.11.25-10.51.26:357][  0]LogPakFile: PakFile PathHashIndexSize=101
[2021.11.25-10.51.26:357][  0]LogPakFile: PakFile FullDirectoryIndexSize=138
[2021.11.25-10.51.26:357][  0]LogShaderLibrary: Display: ShaderCodeLibraryPakFileMountedCallback: PakFile 'C:/Unreal/UE_4.27/FeaturePacks/TP_Flying.upack' (chunk index -1, root 'root:/') mounted
[2021.11.25-10.51.26:357][  0]LogShaderLibrary: Display: ShaderCodeLibraryPakFileMountedCallback: pending pak file info (ChunkID:-1 Root:root:/ File:C:/Unreal/UE_4.27/FeaturePacks/TP_Flying.upack)
[2021.11.25-10.51.26:357][  0]LogPakFile: OnPakFileMounted2Time == 0.000050
[2021.11.25-10.51.26:365][  0]LogPakFile: PakFile PrimaryIndexSize=184
[2021.11.25-10.51.26:365][  0]LogPakFile: PakFile PathHashIndexSize=101
[2021.11.25-10.51.26:365][  0]LogPakFile: PakFile FullDirectoryIndexSize=142
[2021.11.25-10.51.26:365][  0]LogShaderLibrary: Display: ShaderCodeLibraryPakFileMountedCallback: PakFile 'C:/Unreal/UE_4.27/FeaturePacks/TP_FlyingBP.upack' (chunk index -1, root 'root:/') mounted
[2021.11.25-10.51.26:365][  0]LogShaderLibrary: Display: ShaderCodeLibraryPakFileMountedCallback: pending pak file info (ChunkID:-1 Root:root:/ File:C:/Unreal/UE_4.27/FeaturePacks/TP_FlyingBP.upack)
[2021.11.25-10.51.26:365][  0]LogPakFile: OnPakFileMounted2Time == 0.000035
[2021.11.25-10.51.26:373][  0]LogPakFile: PakFile PrimaryIndexSize=188
[2021.11.25-10.51.26:373][  0]LogPakFile: PakFile PathHashIndexSize=101
[2021.11.25-10.51.26:373][  0]LogPakFile: PakFile FullDirectoryIndexSize=150
[2021.11.25-10.51.26:373][  0]LogShaderLibrary: Display: ShaderCodeLibraryPakFileMountedCallback: PakFile 'C:/Unreal/UE_4.27/FeaturePacks/TP_HandheldARBP.upack' (chunk index -1, root 'root:/') mounted
[2021.11.25-10.51.26:373][  0]LogShaderLibrary: Display: ShaderCodeLibraryPakFileMountedCallback: pending pak file info (ChunkID:-1 Root:root:/ File:C:/Unreal/UE_4.27/FeaturePacks/TP_HandheldARBP.upack)
[2021.11.25-10.51.26:373][  0]LogPakFile: OnPakFileMounted2Time == 0.000054
[2021.11.25-10.51.26:384][  0]LogPakFile: PakFile PrimaryIndexSize=182
[2021.11.25-10.51.26:384][  0]LogPakFile: PakFile PathHashIndexSize=101
[2021.11.25-10.51.26:384][  0]LogPakFile: PakFile FullDirectoryIndexSize=138
[2021.11.25-10.51.26:384][  0]LogShaderLibrary: Display: ShaderCodeLibraryPakFileMountedCallback: PakFile 'C:/Unreal/UE_4.27/FeaturePacks/TP_Puzzle.upack' (chunk index -1, root 'root:/') mounted
[2021.11.25-10.51.26:384][  0]LogShaderLibrary: Display: ShaderCodeLibraryPakFileMountedCallback: pending pak file info (ChunkID:-1 Root:root:/ File:C:/Unreal/UE_4.27/FeaturePacks/TP_Puzzle.upack)
[2021.11.25-10.51.26:384][  0]LogPakFile: OnPakFileMounted2Time == 0.000038
[2021.11.25-10.51.26:390][  0]LogPakFile: PakFile PrimaryIndexSize=184
[2021.11.25-10.51.26:390][  0]LogPakFile: PakFile PathHashIndexSize=101
[2021.11.25-10.51.26:390][  0]LogPakFile: PakFile FullDirectoryIndexSize=142
[2021.11.25-10.51.26:390][  0]LogShaderLibrary: Display: ShaderCodeLibraryPakFileMountedCallback: PakFile 'C:/Unreal/UE_4.27/FeaturePacks/TP_PuzzleBP.upack' (chunk index -1, root 'root:/') mounted
[2021.11.25-10.51.26:390][  0]LogShaderLibrary: Display: ShaderCodeLibraryPakFileMountedCallback: pending pak file info (ChunkID:-1 Root:root:/ File:C:/Unreal/UE_4.27/FeaturePacks/TP_PuzzleBP.upack)
[2021.11.25-10.51.26:390][  0]LogPakFile: OnPakFileMounted2Time == 0.000036
[2021.11.25-10.51.26:399][  0]LogPakFile: PakFile PrimaryIndexSize=183
[2021.11.25-10.51.26:399][  0]LogPakFile: PakFile PathHashIndexSize=101
[2021.11.25-10.51.26:399][  0]LogPakFile: PakFile FullDirectoryIndexSize=140
[2021.11.25-10.51.26:399][  0]LogShaderLibrary: Display: ShaderCodeLibraryPakFileMountedCallback: PakFile 'C:/Unreal/UE_4.27/FeaturePacks/TP_Rolling.upack' (chunk index -1, root 'root:/') mounted
[2021.11.25-10.51.26:399][  0]LogShaderLibrary: Display: ShaderCodeLibraryPakFileMountedCallback: pending pak file info (ChunkID:-1 Root:root:/ File:C:/Unreal/UE_4.27/FeaturePacks/TP_Rolling.upack)
[2021.11.25-10.51.26:399][  0]LogPakFile: OnPakFileMounted2Time == 0.000044
[2021.11.25-10.51.26:407][  0]LogPakFile: PakFile PrimaryIndexSize=185
[2021.11.25-10.51.26:407][  0]LogPakFile: PakFile PathHashIndexSize=101
[2021.11.25-10.51.26:407][  0]LogPakFile: PakFile FullDirectoryIndexSize=144
[2021.11.25-10.51.26:407][  0]LogShaderLibrary: Display: ShaderCodeLibraryPakFileMountedCallback: PakFile 'C:/Unreal/UE_4.27/FeaturePacks/TP_RollingBP.upack' (chunk index -1, root 'root:/') mounted
[2021.11.25-10.51.26:407][  0]LogShaderLibrary: Display: ShaderCodeLibraryPakFileMountedCallback: pending pak file info (ChunkID:-1 Root:root:/ File:C:/Unreal/UE_4.27/FeaturePacks/TP_RollingBP.upack)
[2021.11.25-10.51.26:407][  0]LogPakFile: OnPakFileMounted2Time == 0.000065
[2021.11.25-10.51.26:418][  0]LogPakFile: PakFile PrimaryIndexSize=188
[2021.11.25-10.51.26:419][  0]LogPakFile: PakFile PathHashIndexSize=101
[2021.11.25-10.51.26:419][  0]LogPakFile: PakFile FullDirectoryIndexSize=150
[2021.11.25-10.51.26:419][  0]LogShaderLibrary: Display: ShaderCodeLibraryPakFileMountedCallback: PakFile 'C:/Unreal/UE_4.27/FeaturePacks/TP_SideScroller.upack' (chunk index -1, root 'root:/') mounted
[2021.11.25-10.51.26:419][  0]LogShaderLibrary: Display: ShaderCodeLibraryPakFileMountedCallback: pending pak file info (ChunkID:-1 Root:root:/ File:C:/Unreal/UE_4.27/FeaturePacks/TP_SideScroller.upack)
[2021.11.25-10.51.26:419][  0]LogPakFile: OnPakFileMounted2Time == 0.000062
[2021.11.25-10.51.26:425][  0]LogPakFile: PakFile PrimaryIndexSize=190
[2021.11.25-10.51.26:425][  0]LogPakFile: PakFile PathHashIndexSize=101
[2021.11.25-10.51.26:425][  0]LogPakFile: PakFile FullDirectoryIndexSize=154
[2021.11.25-10.51.26:425][  0]LogShaderLibrary: Display: ShaderCodeLibraryPakFileMountedCallback: PakFile 'C:/Unreal/UE_4.27/FeaturePacks/TP_SideScrollerBP.upack' (chunk index -1, root 'root:/') mounted
[2021.11.25-10.51.26:425][  0]LogShaderLibrary: Display: ShaderCodeLibraryPakFileMountedCallback: pending pak file info (ChunkID:-1 Root:root:/ File:C:/Unreal/UE_4.27/FeaturePacks/TP_SideScrollerBP.upack)
[2021.11.25-10.51.26:425][  0]LogPakFile: OnPakFileMounted2Time == 0.000034
[2021.11.25-10.51.26:436][  0]LogPakFile: PakFile PrimaryIndexSize=187
[2021.11.25-10.51.26:436][  0]LogPakFile: PakFile PathHashIndexSize=101
[2021.11.25-10.51.26:436][  0]LogPakFile: PakFile FullDirectoryIndexSize=148
[2021.11.25-10.51.26:436][  0]LogShaderLibrary: Display: ShaderCodeLibraryPakFileMountedCallback: PakFile 'C:/Unreal/UE_4.27/FeaturePacks/TP_ThirdPerson.upack' (chunk index -1, root 'root:/') mounted
[2021.11.25-10.51.26:436][  0]LogShaderLibrary: Display: ShaderCodeLibraryPakFileMountedCallback: pending pak file info (ChunkID:-1 Root:root:/ File:C:/Unreal/UE_4.27/FeaturePacks/TP_ThirdPerson.upack)
[2021.11.25-10.51.26:436][  0]LogPakFile: OnPakFileMounted2Time == 0.000034
[2021.11.25-10.51.26:446][  0]LogPakFile: PakFile PrimaryIndexSize=189
[2021.11.25-10.51.26:446][  0]LogPakFile: PakFile PathHashIndexSize=101
[2021.11.25-10.51.26:446][  0]LogPakFile: PakFile FullDirectoryIndexSize=152
[2021.11.25-10.51.26:446][  0]LogShaderLibrary: Display: ShaderCodeLibraryPakFileMountedCallback: PakFile 'C:/Unreal/UE_4.27/FeaturePacks/TP_ThirdPersonBP.upack' (chunk index -1, root 'root:/') mounted
[2021.11.25-10.51.26:446][  0]LogShaderLibrary: Display: ShaderCodeLibraryPakFileMountedCallback: pending pak file info (ChunkID:-1 Root:root:/ File:C:/Unreal/UE_4.27/FeaturePacks/TP_ThirdPersonBP.upack)
[2021.11.25-10.51.26:446][  0]LogPakFile: OnPakFileMounted2Time == 0.000062
[2021.11.25-10.51.26:453][  0]LogPakFile: PakFile PrimaryIndexSize=183
[2021.11.25-10.51.26:453][  0]LogPakFile: PakFile PathHashIndexSize=101
[2021.11.25-10.51.26:453][  0]LogPakFile: PakFile FullDirectoryIndexSize=140
[2021.11.25-10.51.26:453][  0]LogShaderLibrary: Display: ShaderCodeLibraryPakFileMountedCallback: PakFile 'C:/Unreal/UE_4.27/FeaturePacks/TP_TopDown.upack' (chunk index -1, root 'root:/') mounted
[2021.11.25-10.51.26:453][  0]LogShaderLibrary: Display: ShaderCodeLibraryPakFileMountedCallback: pending pak file info (ChunkID:-1 Root:root:/ File:C:/Unreal/UE_4.27/FeaturePacks/TP_TopDown.upack)
[2021.11.25-10.51.26:453][  0]LogPakFile: OnPakFileMounted2Time == 0.000043
[2021.11.25-10.51.26:461][  0]LogPakFile: PakFile PrimaryIndexSize=185
[2021.11.25-10.51.26:461][  0]LogPakFile: PakFile PathHashIndexSize=101
[2021.11.25-10.51.26:461][  0]LogPakFile: PakFile FullDirectoryIndexSize=144
[2021.11.25-10.51.26:461][  0]LogShaderLibrary: Display: ShaderCodeLibraryPakFileMountedCallback: PakFile 'C:/Unreal/UE_4.27/FeaturePacks/TP_TopDownBP.upack' (chunk index -1, root 'root:/') mounted
[2021.11.25-10.51.26:461][  0]LogShaderLibrary: Display: ShaderCodeLibraryPakFileMountedCallback: pending pak file info (ChunkID:-1 Root:root:/ File:C:/Unreal/UE_4.27/FeaturePacks/TP_TopDownBP.upack)
[2021.11.25-10.51.26:461][  0]LogPakFile: OnPakFileMounted2Time == 0.000038
[2021.11.25-10.51.26:471][  0]LogPakFile: PakFile PrimaryIndexSize=185
[2021.11.25-10.51.26:471][  0]LogPakFile: PakFile PathHashIndexSize=101
[2021.11.25-10.51.26:471][  0]LogPakFile: PakFile FullDirectoryIndexSize=144
[2021.11.25-10.51.26:471][  0]LogShaderLibrary: Display: ShaderCodeLibraryPakFileMountedCallback: PakFile 'C:/Unreal/UE_4.27/FeaturePacks/TP_TwinStick.upack' (chunk index -1, root 'root:/') mounted
[2021.11.25-10.51.26:471][  0]LogShaderLibrary: Display: ShaderCodeLibraryPakFileMountedCallback: pending pak file info (ChunkID:-1 Root:root:/ File:C:/Unreal/UE_4.27/FeaturePacks/TP_TwinStick.upack)
[2021.11.25-10.51.26:471][  0]LogPakFile: OnPakFileMounted2Time == 0.000036
[2021.11.25-10.51.26:477][  0]LogPakFile: PakFile PrimaryIndexSize=187
[2021.11.25-10.51.26:477][  0]LogPakFile: PakFile PathHashIndexSize=101
[2021.11.25-10.51.26:477][  0]LogPakFile: PakFile FullDirectoryIndexSize=148
[2021.11.25-10.51.26:477][  0]LogShaderLibrary: Display: ShaderCodeLibraryPakFileMountedCallback: PakFile 'C:/Unreal/UE_4.27/FeaturePacks/TP_TwinStickBP.upack' (chunk index -1, root 'root:/') mounted
[2021.11.25-10.51.26:477][  0]LogShaderLibrary: Display: ShaderCodeLibraryPakFileMountedCallback: pending pak file info (ChunkID:-1 Root:root:/ File:C:/Unreal/UE_4.27/FeaturePacks/TP_TwinStickBP.upack)
[2021.11.25-10.51.26:477][  0]LogPakFile: OnPakFileMounted2Time == 0.000038
[2021.11.25-10.51.26:484][  0]LogPakFile: PakFile PrimaryIndexSize=183
[2021.11.25-10.51.26:484][  0]LogPakFile: PakFile PathHashIndexSize=101
[2021.11.25-10.51.26:484][  0]LogPakFile: PakFile FullDirectoryIndexSize=140
[2021.11.25-10.51.26:484][  0]LogShaderLibrary: Display: ShaderCodeLibraryPakFileMountedCallback: PakFile 'C:/Unreal/UE_4.27/FeaturePacks/TP_Vehicle.upack' (chunk index -1, root 'root:/') mounted
[2021.11.25-10.51.26:484][  0]LogShaderLibrary: Display: ShaderCodeLibraryPakFileMountedCallback: pending pak file info (ChunkID:-1 Root:root:/ File:C:/Unreal/UE_4.27/FeaturePacks/TP_Vehicle.upack)
[2021.11.25-10.51.26:484][  0]LogPakFile: OnPakFileMounted2Time == 0.000042
[2021.11.25-10.51.26:490][  0]LogPakFile: PakFile PrimaryIndexSize=186
[2021.11.25-10.51.26:490][  0]LogPakFile: PakFile PathHashIndexSize=101
[2021.11.25-10.51.26:490][  0]LogPakFile: PakFile FullDirectoryIndexSize=146
[2021.11.25-10.51.26:490][  0]LogShaderLibrary: Display: ShaderCodeLibraryPakFileMountedCallback: PakFile 'C:/Unreal/UE_4.27/FeaturePacks/TP_VehicleAdv.upack' (chunk index -1, root 'root:/') mounted
[2021.11.25-10.51.26:490][  0]LogShaderLibrary: Display: ShaderCodeLibraryPakFileMountedCallback: pending pak file info (ChunkID:-1 Root:root:/ File:C:/Unreal/UE_4.27/FeaturePacks/TP_VehicleAdv.upack)
[2021.11.25-10.51.26:490][  0]LogPakFile: OnPakFileMounted2Time == 0.000036
[2021.11.25-10.51.26:497][  0]LogPakFile: PakFile PrimaryIndexSize=188
[2021.11.25-10.51.26:497][  0]LogPakFile: PakFile PathHashIndexSize=101
[2021.11.25-10.51.26:497][  0]LogPakFile: PakFile FullDirectoryIndexSize=150
[2021.11.25-10.51.26:497][  0]LogShaderLibrary: Display: ShaderCodeLibraryPakFileMountedCallback: PakFile 'C:/Unreal/UE_4.27/FeaturePacks/TP_VehicleAdvBP.upack' (chunk index -1, root 'root:/') mounted
[2021.11.25-10.51.26:497][  0]LogShaderLibrary: Display: ShaderCodeLibraryPakFileMountedCallback: pending pak file info (ChunkID:-1 Root:root:/ File:C:/Unreal/UE_4.27/FeaturePacks/TP_VehicleAdvBP.upack)
[2021.11.25-10.51.26:497][  0]LogPakFile: OnPakFileMounted2Time == 0.000033
[2021.11.25-10.51.26:505][  0]LogPakFile: PakFile PrimaryIndexSize=185
[2021.11.25-10.51.26:505][  0]LogPakFile: PakFile PathHashIndexSize=101
[2021.11.25-10.51.26:505][  0]LogPakFile: PakFile FullDirectoryIndexSize=144
[2021.11.25-10.51.26:505][  0]LogShaderLibrary: Display: ShaderCodeLibraryPakFileMountedCallback: PakFile 'C:/Unreal/UE_4.27/FeaturePacks/TP_VehicleBP.upack' (chunk index -1, root 'root:/') mounted
[2021.11.25-10.51.26:505][  0]LogShaderLibrary: Display: ShaderCodeLibraryPakFileMountedCallback: pending pak file info (ChunkID:-1 Root:root:/ File:C:/Unreal/UE_4.27/FeaturePacks/TP_VehicleBP.upack)
[2021.11.25-10.51.26:505][  0]LogPakFile: OnPakFileMounted2Time == 0.000066
[2021.11.25-10.51.26:515][  0]LogPakFile: PakFile PrimaryIndexSize=192
[2021.11.25-10.51.26:515][  0]LogPakFile: PakFile PathHashIndexSize=101
[2021.11.25-10.51.26:515][  0]LogPakFile: PakFile FullDirectoryIndexSize=158
[2021.11.25-10.51.26:516][  0]LogShaderLibrary: Display: ShaderCodeLibraryPakFileMountedCallback: PakFile 'C:/Unreal/UE_4.27/FeaturePacks/TP_VirtualRealityBP.upack' (chunk index -1, root 'root:/') mounted
[2021.11.25-10.51.26:516][  0]LogShaderLibrary: Display: ShaderCodeLibraryPakFileMountedCallback: pending pak file info (ChunkID:-1 Root:root:/ File:C:/Unreal/UE_4.27/FeaturePacks/TP_VirtualRealityBP.upack)
[2021.11.25-10.51.26:516][  0]LogPakFile: OnPakFileMounted2Time == 0.000132
[2021.11.25-10.51.28:114][  0]LogNativeClassHierarchy: Verbose: Native class hierarchy updated for 'AddContentDialog' in 0.0012 seconds. Added 0 classes and 0 folders.
[2021.11.25-10.51.28:120][  0]LogNativeClassHierarchy: Verbose: Native class hierarchy updated for 'SceneOutliner' in 0.0012 seconds. Added 2 classes and 0 folders.
[2021.11.25-10.51.28:237][  0]LogSlate: Took 0.000415 seconds to synchronously load lazily loaded font '../../../Engine/Content/Slate/Fonts/Roboto-Regular.ttf' (155K)
[2021.11.25-10.51.28:258][  0]LogSlate: Took 0.018514 seconds to synchronously load lazily loaded font '../../../Engine/Content/Editor/Slate/Fonts/FontAwesome.ttf' (139K)
[2021.11.25-10.51.28:264][  0]LogSlate: Took 0.000514 seconds to synchronously load lazily loaded font '../../../Engine/Content/Slate/Fonts/Roboto-Bold.ttf' (160K)
[2021.11.25-10.51.28:665][  0]LogRenderer: Reallocating scene render targets to support 1064x664 Format 10 NumSamples 1 (Frame:1).
[2021.11.25-10.51.29:095][  0]LogNativeClassHierarchy: Verbose: Native class hierarchy updated for 'HierarchicalLODOutliner' in 0.0020 seconds. Added 0 classes and 0 folders.
[2021.11.25-10.51.29:095][  0]LogLoad: (Engine Initialization) Total time: 10.51 seconds
[2021.11.25-10.51.29:095][  0]LogLoad: (Engine Initialization) Total Blueprint compile time: 0.00 seconds
[2021.11.25-10.51.29:193][  0]LogContentStreaming: Texture pool size now 1000 MB
[2021.11.25-10.51.29:395][  2]LogAssetRegistry: Asset discovery search completed in 8.0893 seconds
[2021.11.25-10.51.29:417][  2]LogCollectionManager: Fixed up redirectors for 0 collections in 0.000018 seconds (updated 0 objects)
[2021.11.25-10.51.29:550][  2]LogSlate: Took 0.066359 seconds to synchronously load lazily loaded font '../../../Engine/Content/Slate/Fonts/Roboto-Light.ttf' (167K)
[2021.11.25-10.51.30:181][ 26]LogSlate: Took 0.000635 seconds to synchronously load lazily loaded font '../../../Engine/Content/Slate/Fonts/Roboto-Light.ttf' (167K)
[2021.11.25-10.51.30:965][ 44]LogShaderCompilers: Display: Worker (8/13): shaders left to compile 2
[2021.11.25-10.51.30:965][ 44]LogShaderCompilers: Display: Started 1 'Local' shader compile jobs with 'ForceLocal' priority
[2021.11.25-10.51.31:601][ 67]LogShaderCompilers: Display: Worker (2/13): shaders left to compile 1
[2021.11.25-10.51.31:601][ 67]LogShaderCompilers: Display: Worker (7/13): shaders left to compile 48
[2021.11.25-10.51.31:601][ 67]LogShaderCompilers: Display: Started 5 'Local' shader compile jobs with 'Normal' priority
[2021.11.25-10.51.31:601][ 67]LogShaderCompilers: Display: Started 1 'Local' shader compile jobs with 'ForceLocal' priority
[2021.11.25-10.51.32:564][106]LogShaderCompilers: Display: Worker (10/13): shaders left to compile 43
[2021.11.25-10.51.32:564][106]LogShaderCompilers: Display: Started 4 'Local' shader compile jobs with 'Normal' priority
[2021.11.25-10.51.32:624][108]LogShaderCompilers: Display: Worker (11/13): shaders left to compile 39
[2021.11.25-10.51.32:625][108]LogShaderCompilers: Display: Started 4 'Local' shader compile jobs with 'Normal' priority
[2021.11.25-10.51.33:551][150]LogShaderCompilers: Display: Worker (6/13): shaders left to compile 35
[2021.11.25-10.51.33:551][150]LogShaderCompilers: Display: Started 3 'Local' shader compile jobs with 'Normal' priority
[2021.11.25-10.51.33:598][152]LogShaderCompilers: Display: Worker (2/13): shaders left to compile 32
[2021.11.25-10.51.33:599][152]LogShaderCompilers: Display: Worker (4/13): shaders left to compile 29
[2021.11.25-10.51.33:599][152]LogShaderCompilers: Display: Started 6 'Local' shader compile jobs with 'Normal' priority
[2021.11.25-10.51.33:827][163]LogShaderCompilers: Display: Worker (3/13): shaders left to compile 26
[2021.11.25-10.51.33:827][163]LogShaderCompilers: Display: Started 3 'Local' shader compile jobs with 'Normal' priority
[2021.11.25-10.51.33:853][164]LogShaderCompilers: Display: Worker (5/13): shaders left to compile 23
[2021.11.25-10.51.33:853][164]LogShaderCompilers: Display: Started 2 'Local' shader compile jobs with 'Normal' priority
[2021.11.25-10.51.34:119][174]LogShaderCompilers: Display: Worker (8/13): shaders left to compile 21
[2021.11.25-10.51.34:119][174]LogShaderCompilers: Display: Started 2 'Local' shader compile jobs with 'Normal' priority
[2021.11.25-10.51.35:042][212]LogShaderCompilers: Display: Worker (9/13): shaders left to compile 19
[2021.11.25-10.51.35:042][212]LogShaderCompilers: Display: Started 2 'Local' shader compile jobs with 'Normal' priority
[2021.11.25-10.51.35:303][222]LogShaderCompilers: Display: Worker (12/13): shaders left to compile 17
[2021.11.25-10.51.35:303][222]LogShaderCompilers: Display: Started 2 'Local' shader compile jobs with 'Normal' priority
[2021.11.25-10.51.35:547][233]LogShaderCompilers: Display: Worker (1/13): shaders left to compile 15
[2021.11.25-10.51.35:547][233]LogShaderCompilers: Display: Started 2 'Local' shader compile jobs with 'Normal' priority
[2021.11.25-10.51.36:287][268]LogShaderCompilers: Display: Worker (5/13): shaders left to compile 13
[2021.11.25-10.51.36:287][268]LogShaderCompilers: Display: Started 2 'Local' shader compile jobs with 'Normal' priority
[2021.11.25-10.51.36:361][271]LogShaderCompilers: Display: Worker (8/13): shaders left to compile 11
[2021.11.25-10.51.36:361][271]LogShaderCompilers: Display: Started 1 'Local' shader compile jobs with 'Normal' priority
[2021.11.25-10.51.37:248][309]LogShaderCompilers: Display: Worker (3/13): shaders left to compile 10
[2021.11.25-10.51.37:249][309]LogShaderCompilers: Display: Started 1 'Local' shader compile jobs with 'Normal' priority
[2021.11.25-10.51.37:278][310]LogShaderCompilers: Display: Worker (9/13): shaders left to compile 9
[2021.11.25-10.51.37:278][310]LogShaderCompilers: Display: Started 1 'Local' shader compile jobs with 'Normal' priority
[2021.11.25-10.51.37:340][312]LogShaderCompilers: Display: Worker (10/13): shaders left to compile 8
[2021.11.25-10.51.37:340][312]LogShaderCompilers: Display: Started 1 'Local' shader compile jobs with 'Normal' priority
[2021.11.25-10.51.37:856][335]LogShaderCompilers: Display: Worker (12/13): shaders left to compile 7
[2021.11.25-10.51.37:856][335]LogShaderCompilers: Display: Started 1 'Local' shader compile jobs with 'Normal' priority
[2021.11.25-10.51.37:974][341]LogShaderCompilers: Display: Worker (5/13): shaders left to compile 6
[2021.11.25-10.51.37:974][341]LogShaderCompilers: Display: Started 1 'Local' shader compile jobs with 'Normal' priority
[2021.11.25-10.51.38:387][359]LogShaderCompilers: Display: Worker (8/13): shaders left to compile 5
[2021.11.25-10.51.38:387][359]LogShaderCompilers: Display: Started 1 'Local' shader compile jobs with 'Normal' priority
[2021.11.25-10.51.38:387][359]LogShaderCompilers: Display: Worker (6/13): shaders left to compile 4
[2021.11.25-10.51.38:387][359]LogShaderCompilers: Display: Started 1 'Local' shader compile jobs with 'Normal' priority
[2021.11.25-10.51.38:516][366]LogShaderCompilers: Display: Worker (1/13): shaders left to compile 3
[2021.11.25-10.51.38:517][366]LogShaderCompilers: Display: Started 1 'Local' shader compile jobs with 'Normal' priority
[2021.11.25-10.51.38:685][373]LogShaderCompilers: Display: Worker (9/13): shaders left to compile 2
[2021.11.25-10.51.38:685][373]LogShaderCompilers: Display: Started 1 'Local' shader compile jobs with 'Normal' priority
[2021.11.25-10.51.38:848][378]LogShaderCompilers: Display: Worker (7/13): shaders left to compile 1
[2021.11.25-10.51.38:849][378]LogShaderCompilers: Display: Started 1 'Local' shader compile jobs with 'Normal' priority
